Using pre-set license
Built from '2022.3/staging' branch; Version is '2022.3.16f1 (d2c21f0ef2f1) revision 13812255'; Using compiler version '192829333'; Build Type 'Release'
OS: 'Windows 11  (10.0.22631) 64bit CoreSingleLanguage' Language: 'ru' Physical Memory: 16110 MB
BatchMode: 1, IsHumanControllingUs: 0, StartBugReporterOnCrash: 0, Is64bit: 1, IsPro: 1

COMMAND LINE ARGUMENTS:
D:\unity\2022.3.16f1\Editor\Unity.exe
-adb2
-batchMode
-noUpm
-name
AssetImportWorker5
-projectPath
D:/РќРѕРІР°СЏ РїР°РїРєР° (3)/platformer
-logFile
Logs/AssetImportWorker5.log
-srvPort
5388
Successfully changed project path to: D:/РќРѕРІР°СЏ РїР°РїРєР° (3)/platformer
D:/РќРѕРІР°СЏ РїР°РїРєР° (3)/platformer
[UnityMemory] Configuration Parameters - Can be set up in boot.config
    "memorysetup-bucket-allocator-granularity=16"
    "memorysetup-bucket-allocator-bucket-count=8"
    "memorysetup-bucket-allocator-block-size=33554432"
    "memorysetup-bucket-allocator-block-count=8"
    "memorysetup-main-allocator-block-size=16777216"
    "memorysetup-thread-allocator-block-size=16777216"
    "memorysetup-gfx-main-allocator-block-size=16777216"
    "memorysetup-gfx-thread-allocator-block-size=16777216"
    "memorysetup-cache-allocator-block-size=4194304"
    "memorysetup-typetree-allocator-block-size=2097152"
    "memorysetup-profiler-bucket-allocator-granularity=16"
    "memorysetup-profiler-bucket-allocator-bucket-count=8"
    "memorysetup-profiler-bucket-allocator-block-size=33554432"
    "memorysetup-profiler-bucket-allocator-block-count=8"
    "memorysetup-profiler-allocator-block-size=16777216"
    "memorysetup-profiler-editor-allocator-block-size=1048576"
    "memorysetup-temp-allocator-size-main=16777216"
    "memorysetup-job-temp-allocator-block-size=2097152"
    "memorysetup-job-temp-allocator-block-size-background=1048576"
    "memorysetup-job-temp-allocator-reduction-small-platforms=262144"
    "memorysetup-allocator-temp-initial-block-size-main=262144"
    "memorysetup-allocator-temp-initial-block-size-worker=262144"
    "memorysetup-temp-allocator-size-background-worker=32768"
    "memorysetup-temp-allocator-size-job-worker=262144"
    "memorysetup-temp-allocator-size-preload-manager=33554432"
    "memorysetup-temp-allocator-size-nav-mesh-worker=65536"
    "memorysetup-temp-allocator-size-audio-worker=65536"
    "memorysetup-temp-allocator-size-cloud-worker=32768"
    "memorysetup-temp-allocator-size-gi-baking-worker=262144"
    "memorysetup-temp-allocator-size-gfx=262144"
Player connection [17332] Host "[IP] 26.101.226.202 [Port] 0 [Flags] 2 [Guid] 268994632 [EditorId] 268994632 [Version] 1048832 [Id] WindowsEditor(7,LAPTOP-FBSICSK7) [Debug] 1 [PackageName] WindowsEditor [ProjectName] Editor" joined multi-casting on [225.0.0.222:54997]...

Player connection [17332] Host "[IP] 26.101.226.202 [Port] 0 [Flags] 2 [Guid] 268994632 [EditorId] 268994632 [Version] 1048832 [Id] WindowsEditor(7,LAPTOP-FBSICSK7) [Debug] 1 [PackageName] WindowsEditor [ProjectName] Editor" joined alternative multi-casting on [225.0.0.222:34997]...

[Physics::Module] Initialized MultithreadedJobDispatcher with 11 workers.
Refreshing native plugins compatible for Editor in 5.85 ms, found 4 plugins.
Preloading 0 native plugins for Editor in 0.00 ms.
Initialize engine version: 2022.3.16f1 (d2c21f0ef2f1)
[Subsystems] Discovering subsystems at path D:/unity/2022.3.16f1/Editor/Data/Resources/UnitySubsystems
[Subsystems] Discovering subsystems at path D:/РќРѕРІР°СЏ РїР°РїРєР° (3)/platformer/Assets
GfxDevice: creating device client; threaded=0; jobified=0
Direct3D:
    Version:  Direct3D 11.0 [level 11.1]
    Renderer: Intel(R) UHD Graphics (ID=0x46a3)
    Vendor:   Intel
    VRAM:     8055 MB
    Driver:   31.0.101.3358
Initialize mono
Mono path[0] = 'D:/unity/2022.3.16f1/Editor/Data/Managed'
Mono path[1] = 'D:/unity/2022.3.16f1/Editor/Data/MonoBleedingEdge/lib/mono/unityjit-win32'
Mono config path = 'D:/unity/2022.3.16f1/Editor/Data/MonoBleedingEdge/etc'
Using monoOptions --debugger-agent=transport=dt_socket,embedding=1,server=y,suspend=n,address=127.0.0.1:56408
Begin MonoManager ReloadAssembly
Registering precompiled unity dll's ...
Register platform support module: D:/unity/2022.3.16f1/Editor/Data/PlaybackEngines/WebGLSupport/UnityEditor.WebGL.Extensions.dll
Register platform support module: D:/unity/2022.3.16f1/Editor/Data/PlaybackEngines/WindowsStandaloneSupport/UnityEditor.WindowsStandalone.Extensions.dll
Registered in 0.002270 seconds.
- Loaded All Assemblies, in  0.281 seconds
Native extension for WindowsStandalone target not found
Native extension for WebGL target not found
Mono: successfully reloaded assembly
- Finished resetting the current domain, in  0.229 seconds
Domain Reload Profiling: 511ms
	BeginReloadAssembly (93ms)
		ExecutionOrderSort (0ms)
		DisableScriptedObjects (0ms)
		BackupInstance (0ms)
		ReleaseScriptingObjects (0ms)
		CreateAndSetChildDomain (1ms)
	RebuildCommonClasses (31ms)
	RebuildNativeTypeToScriptingClass (8ms)
	initialDomainReloadingComplete (41ms)
	LoadAllAssembliesAndSetupDomain (109ms)
		LoadAssemblies (92ms)
		RebuildTransferFunctionScriptingTraits (0ms)
		AnalyzeDomain (107ms)
			TypeCache.Refresh (106ms)
				TypeCache.ScanAssembly (96ms)
			ScanForSourceGeneratedMonoScriptInfo (0ms)
			ResolveRequiredComponents (0ms)
	FinalizeReload (230ms)
		ReleaseScriptCaches (0ms)
		RebuildScriptCaches (0ms)
		SetupLoadedEditorAssemblies (174ms)
			LogAssemblyErrors (0ms)
			InitializePlatformSupportModulesInManaged (8ms)
			SetLoadedEditorAssemblies (6ms)
			RefreshPlugins (0ms)
			BeforeProcessingInitializeOnLoad (2ms)
			ProcessInitializeOnLoadAttributes (120ms)
			ProcessInitializeOnLoadMethodAttributes (38ms)
			AfterProcessingInitializeOnLoad (0ms)
			EditorAssembliesLoaded (0ms)
		ExecutionOrderSort2 (0ms)
		AwakeInstancesAfterBackupRestoration (0ms)
========================================================================
Worker process is ready to serve import requests
Begin MonoManager ReloadAssembly
- Loaded All Assemblies, in  0.528 seconds
Refreshing native plugins compatible for Editor in 1.80 ms, found 4 plugins.
Native extension for WindowsStandalone target not found
Native extension for WebGL target not found
Package Manager log level set to [2]
[Package Manager] Server::EnsureServerProcessIsRunning -- launch failed, reason: Unity was launched with the -noUpm command-line argument
[Package Manager] UpmClient::Send -- Unable to send message (not connected to UPM process).
[Package Manager] Cannot connect to Unity Package Manager local server
Mono: successfully reloaded assembly
- Finished resetting the current domain, in  0.606 seconds
Domain Reload Profiling: 1134ms
	BeginReloadAssembly (119ms)
		ExecutionOrderSort (0ms)
		DisableScriptedObjects (5ms)
		BackupInstance (0ms)
		ReleaseScriptingObjects (0ms)
		CreateAndSetChildDomain (21ms)
	RebuildCommonClasses (24ms)
	RebuildNativeTypeToScriptingClass (7ms)
	initialDomainReloadingComplete (29ms)
	LoadAllAssembliesAndSetupDomain (349ms)
		LoadAssemblies (282ms)
		RebuildTransferFunctionScriptingTraits (0ms)
		AnalyzeDomain (133ms)
			TypeCache.Refresh (108ms)
				TypeCache.ScanAssembly (96ms)
			ScanForSourceGeneratedMonoScriptInfo (18ms)
			ResolveRequiredComponents (4ms)
	FinalizeReload (606ms)
		ReleaseScriptCaches (0ms)
		RebuildScriptCaches (0ms)
		SetupLoadedEditorAssemblies (478ms)
			LogAssemblyErrors (0ms)
			InitializePlatformSupportModulesInManaged (6ms)
			SetLoadedEditorAssemblies (5ms)
			RefreshPlugins (0ms)
			BeforeProcessingInitializeOnLoad (91ms)
			ProcessInitializeOnLoadAttributes (344ms)
			ProcessInitializeOnLoadMethodAttributes (32ms)
			AfterProcessingInitializeOnLoad (1ms)
			EditorAssembliesLoaded (0ms)
		ExecutionOrderSort2 (0ms)
		AwakeInstancesAfterBackupRestoration (4ms)
Launched and connected shader compiler UnityShaderCompiler.exe after 0.04 seconds
Refreshing native plugins compatible for Editor in 1.53 ms, found 4 plugins.
Preloading 0 native plugins for Editor in 0.00 ms.
Unloading 4199 Unused Serialized files (Serialized files now loaded: 0)
Unloading 82 unused Assets / (271.1 KB). Loaded Objects now: 4655.
Memory consumption went from 148.9 MB to 148.7 MB.
Total: 3.030200 ms (FindLiveObjects: 0.205300 ms CreateObjectMapping: 0.099800 ms MarkObjects: 2.544300 ms  DeleteObjects: 0.179900 ms)

AssetImportParameters requested are different than current active one (requested -> active):
  custom:container-demuxer-ogg: 62fdf1f143b41e24485cea50d1cbac27 -> 
  custom:video-codec-MediaFoundation-h265: 746d11721c4dcdbdad8f713fa42b33f4 -> 
  custom:video-decoder-ogg-theora: a1e56fd34408186e4bbccfd4996cb3dc -> 
  custom:scripting/monoscript/fileName/Ground.cs: 7415901f32c2a0c2fffe55ebf317a3a1 -> 280fef7541238b592d97063dffe109df
  custom:framework-win-MediaFoundation: 216162199b28c13a410421893ffa2e32 -> 
  custom:scripting/monoscript/fileName/Move.cs: 7b43a81116163ddef85a558461501685 -> d6379711722d90072060b333fc0a5937
  custom:scripting/monoscript/fileName/PlayerController.cs: 5b090d859ab09be631dc3b0f203f9571 -> d93a52a180fbbe603a59e9aa6da73c83
  custom:CustomObjectIndexerAttribute: 43b350a4d6e6d1791af0b5038c4bea17 -> 
  custom:container-demuxer-webm: 4f35f7cbe854078d1ac9338744f61a02 -> 
  custom:container-muxer-webm: aa71ff27fc2769a1b78a27578f13a17b -> 
  custom:video-decoder-webm-vp8: 9c59270c3fd7afecdb556c50c9e8de78 -> 
  custom:SearchIndexIgnoredProperties: e643bd26f0fe6173181afceb89e7c659 -> 
  custom:AudioImporter_EditorPlatform: d09bf68614088b80899f8185d706f6e7 -> 
  custom:scripting/monoscript/fileName/Controller.cs: 83623ba3567b8f11fb361ef55cb909aa -> 9ac834cf3508dd1b6236017959eb9876
  custom:scripting/monoscript/fileName/PlayerAnimation.cs: 42d14fb16eb20114832bd96db7f3b4ee -> 133362f4569ff299a4fb9418ed7b7293
  custom:video-encoder-webm-vp8: eb34c28f22e8b96e1ab97ce403110664 -> 
  custom:audio-decoder-ogg-vorbis: bf7c407c2cedff20999df2af8eb42d56 -> 
  custom:scripting/monoscript/fileName/InputController.cs: b0f2e83118997bd54cd1245c5af56013 -> bd133c2f87121a2c634bd0c4831cedbf
  custom:audio-encoder-webm-vorbis: bf7c407c2cedff20999df2af8eb42d56 -> 
  custom:scripting/monoscript/fileName/Jump.cs: 78a95732ad5860df095c56964c6c81f3 -> fc6b42c7642d8bfd7aadf4edc6b67f71
========================================================================
Received Import Request.
  Time since last request: 1413420.531729 seconds.
  path: Assets/Sprites/Terrain/Terrain.prefab
  artifactKey: Guid(7e7a8acf2bbe1324883347315e484174) Importer(815301076,1909f56bfc062723c751e8b465ee728b)
Start importing Assets/Sprites/Terrain/Terrain.prefab using Guid(7e7a8acf2bbe1324883347315e484174) Importer(815301076,1909f56bfc062723c751e8b465ee728b)  -> (artifact id: 'a2d6791992ab4a3d380fa311da582b4c') in 0.137451 seconds
Number of updated asset objects reloaded before import = 0
Number of asset objects unloaded after import = 77
========================================================================
Received Import Request.
  Time since last request: 88.289332 seconds.
  path: Assets/Sprites/Terrain/Terrain.prefab
  artifactKey: Guid(7e7a8acf2bbe1324883347315e484174) Importer(815301076,1909f56bfc062723c751e8b465ee728b)
Start importing Assets/Sprites/Terrain/Terrain.prefab using Guid(7e7a8acf2bbe1324883347315e484174) Importer(815301076,1909f56bfc062723c751e8b465ee728b)  -> (artifact id: '627090ac0053437b2500d5e346804656') in 0.024158 seconds
Number of updated asset objects reloaded before import = 0
Number of asset objects unloaded after import = 77
========================================================================
Received Import Request.
  Time since last request: 2.855088 seconds.
  path: Assets/Sprites/Terrain/Terrain.prefab
  artifactKey: Guid(7e7a8acf2bbe1324883347315e484174) Importer(815301076,1909f56bfc062723c751e8b465ee728b)
Start importing Assets/Sprites/Terrain/Terrain.prefab using Guid(7e7a8acf2bbe1324883347315e484174) Importer(815301076,1909f56bfc062723c751e8b465ee728b)  -> (artifact id: '9dfe3fc4dbb82d645c7ffa8b6c4b374d') in 0.020229 seconds
Number of updated asset objects reloaded before import = 0
Number of asset objects unloaded after import = 77
========================================================================
Received Import Request.
  Time since last request: 7.095997 seconds.
  path: Assets/Sprites/Terrain/Terrain.prefab
  artifactKey: Guid(7e7a8acf2bbe1324883347315e484174) Importer(815301076,1909f56bfc062723c751e8b465ee728b)
Start importing Assets/Sprites/Terrain/Terrain.prefab using Guid(7e7a8acf2bbe1324883347315e484174) Importer(815301076,1909f56bfc062723c751e8b465ee728b)  -> (artifact id: '6d759d2a2e90c32d4c2ea6930e16e329') in 0.028688 seconds
Number of updated asset objects reloaded before import = 0
Number of asset objects unloaded after import = 77
========================================================================
Received Import Request.
  Time since last request: 3.505954 seconds.
  path: Assets/Sprites/Terrain/Terrain.prefab
  artifactKey: Guid(7e7a8acf2bbe1324883347315e484174) Importer(815301076,1909f56bfc062723c751e8b465ee728b)
Start importing Assets/Sprites/Terrain/Terrain.prefab using Guid(7e7a8acf2bbe1324883347315e484174) Importer(815301076,1909f56bfc062723c751e8b465ee728b)  -> (artifact id: '92cd6789f6883db32be1a0ed0154c12d') in 0.014646 seconds
Number of updated asset objects reloaded before import = 0
Number of asset objects unloaded after import = 77
========================================================================
Received Import Request.
  Time since last request: 5.668460 seconds.
  path: Assets/Sprites/Terrain/Terrain.prefab
  artifactKey: Guid(7e7a8acf2bbe1324883347315e484174) Importer(815301076,1909f56bfc062723c751e8b465ee728b)
Start importing Assets/Sprites/Terrain/Terrain.prefab using Guid(7e7a8acf2bbe1324883347315e484174) Importer(815301076,1909f56bfc062723c751e8b465ee728b)  -> (artifact id: '82e945ec9afbbdd1b9540674aee79566') in 0.018326 seconds
Number of updated asset objects reloaded before import = 0
Number of asset objects unloaded after import = 77
========================================================================
Received Import Request.
  Time since last request: 3.003533 seconds.
  path: Assets/Sprites/Terrain/Terrain.prefab
  artifactKey: Guid(7e7a8acf2bbe1324883347315e484174) Importer(815301076,1909f56bfc062723c751e8b465ee728b)
Start importing Assets/Sprites/Terrain/Terrain.prefab using Guid(7e7a8acf2bbe1324883347315e484174) Importer(815301076,1909f56bfc062723c751e8b465ee728b)  -> (artifact id: '7265366c052a31a9a528997316e12da9') in 0.020533 seconds
Number of updated asset objects reloaded before import = 0
Number of asset objects unloaded after import = 77
========================================================================
Received Import Request.
  Time since last request: 19.588702 seconds.
  path: Assets/Sprites/Terrain/Terrain.prefab
  artifactKey: Guid(7e7a8acf2bbe1324883347315e484174) Importer(815301076,1909f56bfc062723c751e8b465ee728b)
Start importing Assets/Sprites/Terrain/Terrain.prefab using Guid(7e7a8acf2bbe1324883347315e484174) Importer(815301076,1909f56bfc062723c751e8b465ee728b)  -> (artifact id: '0090bbb39caa6cdcf54fada22370e3bd') in 0.020042 seconds
Number of updated asset objects reloaded before import = 0
Number of asset objects unloaded after import = 77
========================================================================
Received Import Request.
  Time since last request: 3.019952 seconds.
  path: Assets/Sprites/Terrain/Terrain.prefab
  artifactKey: Guid(7e7a8acf2bbe1324883347315e484174) Importer(815301076,1909f56bfc062723c751e8b465ee728b)
Start importing Assets/Sprites/Terrain/Terrain.prefab using Guid(7e7a8acf2bbe1324883347315e484174) Importer(815301076,1909f56bfc062723c751e8b465ee728b)  -> (artifact id: '46ea4fb0533cdec7555427557b336181') in 0.070019 seconds
Number of updated asset objects reloaded before import = 0
Number of asset objects unloaded after import = 77
========================================================================
Received Import Request.
  Time since last request: 3887.830235 seconds.
  path: Assets/Sprites/Terrain/Tile pallet/Terrain (16x16)_1.asset
  artifactKey: Guid(9bea2a806f1e1524db90b499e7a63721) Importer(815301076,1909f56bfc062723c751e8b465ee728b)
Start importing Assets/Sprites/Terrain/Tile pallet/Terrain (16x16)_1.asset using Guid(9bea2a806f1e1524db90b499e7a63721) Importer(815301076,1909f56bfc062723c751e8b465ee728b)  -> (artifact id: '3b133c3f16fd7d0b210069b57d81c0fd') in 0.126160 seconds
Number of updated asset objects reloaded before import = 0
Number of asset objects unloaded after import = 3
========================================================================
Received Import Request.
  Time since last request: 0.000072 seconds.
  path: Assets/Sprites/Terrain/Tile pallet/Terrain (16x16)_25.asset
  artifactKey: Guid(a478fb2fb3599ca4eaf2390b462736db) Importer(815301076,1909f56bfc062723c751e8b465ee728b)
Start importing Assets/Sprites/Terrain/Tile pallet/Terrain (16x16)_25.asset using Guid(a478fb2fb3599ca4eaf2390b462736db) Importer(815301076,1909f56bfc062723c751e8b465ee728b)  -> (artifact id: 'a6fd367c46ec87033f7711ec4978f7c2') in 0.007635 seconds
Number of updated asset objects reloaded before import = 0
Number of asset objects unloaded after import = 3
========================================================================
Received Import Request.
  Time since last request: 0.000019 seconds.
  path: Assets/Sprites/Terrain/Tile pallet/Terrain (16x16)_28.asset
  artifactKey: Guid(ea264463298fc1145af1e7f05f515bb2) Importer(815301076,1909f56bfc062723c751e8b465ee728b)
Start importing Assets/Sprites/Terrain/Tile pallet/Terrain (16x16)_28.asset using Guid(ea264463298fc1145af1e7f05f515bb2) Importer(815301076,1909f56bfc062723c751e8b465ee728b)  -> (artifact id: '56da5d516f450626e305e458d4382db2') in 0.016828 seconds
Number of updated asset objects reloaded before import = 0
Number of asset objects unloaded after import = 3
========================================================================
Received Import Request.
  Time since last request: 0.000025 seconds.
  path: Assets/Sprites/Terrain/Tile pallet/Terrain (16x16)_15.asset
  artifactKey: Guid(626d3e951a3799d4885664a4c121988d) Importer(815301076,1909f56bfc062723c751e8b465ee728b)
Start importing Assets/Sprites/Terrain/Tile pallet/Terrain (16x16)_15.asset using Guid(626d3e951a3799d4885664a4c121988d) Importer(815301076,1909f56bfc062723c751e8b465ee728b)  -> (artifact id: '9199e3aa7f693350aa2eab0458cc116a') in 0.009475 seconds
Number of updated asset objects reloaded before import = 0
Number of asset objects unloaded after import = 3
========================================================================
Received Import Request.
  Time since last request: 0.000044 seconds.
  path: Assets/Sprites/Terrain/Tile pallet/Terrain (16x16)_19.asset
  artifactKey: Guid(caef9a3d62d07c84b8d3a0f58b83ee6f) Importer(815301076,1909f56bfc062723c751e8b465ee728b)
Start importing Assets/Sprites/Terrain/Tile pallet/Terrain (16x16)_19.asset using Guid(caef9a3d62d07c84b8d3a0f58b83ee6f) Importer(815301076,1909f56bfc062723c751e8b465ee728b)  -> (artifact id: '24c31dc2c30d0fe6ac7031a7de57e866') in 0.024425 seconds
Number of updated asset objects reloaded before import = 0
Number of asset objects unloaded after import = 3
========================================================================
Received Import Request.
  Time since last request: 0.000021 seconds.
  path: Assets/Sprites/Terrain/Tile pallet/Terrain (16x16)_27.asset
  artifactKey: Guid(e4cb11e34c4da864a9ff2b7b827bdf28) Importer(815301076,1909f56bfc062723c751e8b465ee728b)
Start importing Assets/Sprites/Terrain/Tile pallet/Terrain (16x16)_27.asset using Guid(e4cb11e34c4da864a9ff2b7b827bdf28) Importer(815301076,1909f56bfc062723c751e8b465ee728b)  -> (artifact id: '9aa7dc72adf2f0a55fe96e255ddbaae2') in 0.011204 seconds
Number of updated asset objects reloaded before import = 0
Number of asset objects unloaded after import = 3
========================================================================
Received Import Request.
  Time since last request: 0.000021 seconds.
  path: Assets/Sprites/Terrain/Tile pallet/Terrain (16x16)_4.asset
  artifactKey: Guid(c91bf915044617c4281ca220415b8220) Importer(815301076,1909f56bfc062723c751e8b465ee728b)
Start importing Assets/Sprites/Terrain/Tile pallet/Terrain (16x16)_4.asset using Guid(c91bf915044617c4281ca220415b8220) Importer(815301076,1909f56bfc062723c751e8b465ee728b)  -> (artifact id: '4cadb92187513afcfbb3d46a57cfa414') in 0.012566 seconds
Number of updated asset objects reloaded before import = 0
Number of asset objects unloaded after import = 3
========================================================================
Received Import Request.
  Time since last request: 0.000029 seconds.
  path: Assets/Sprites/Terrain/Tile pallet/Terrain (16x16)_31.asset
  artifactKey: Guid(94d87a05f187464428b90c76c4981022) Importer(815301076,1909f56bfc062723c751e8b465ee728b)
Start importing Assets/Sprites/Terrain/Tile pallet/Terrain (16x16)_31.asset using Guid(94d87a05f187464428b90c76c4981022) Importer(815301076,1909f56bfc062723c751e8b465ee728b)  -> (artifact id: '03bef1394c7196a4b3a9fbcdc6d51435') in 0.016302 seconds
Number of updated asset objects reloaded before import = 0
Number of asset objects unloaded after import = 3
========================================================================
Received Import Request.
  Time since last request: 0.000050 seconds.
  path: Assets/Sprites/Terrain/Tile pallet/Terrain (16x16)_8.asset
  artifactKey: Guid(bdcf0a763d70f7141a6706ae39390e22) Importer(815301076,1909f56bfc062723c751e8b465ee728b)
Start importing Assets/Sprites/Terrain/Tile pallet/Terrain (16x16)_8.asset using Guid(bdcf0a763d70f7141a6706ae39390e22) Importer(815301076,1909f56bfc062723c751e8b465ee728b)  -> (artifact id: '44419a309bf4b67433e7fbe22f99f246') in 0.024757 seconds
Number of updated asset objects reloaded before import = 0
Number of asset objects unloaded after import = 3
========================================================================
Received Import Request.
  Time since last request: 0.000020 seconds.
  path: Assets/Sprites/Terrain/Tile pallet/Terrain (16x16)_12.asset
  artifactKey: Guid(32647941ad765bb4ca3342099a57bea6) Importer(815301076,1909f56bfc062723c751e8b465ee728b)
Start importing Assets/Sprites/Terrain/Tile pallet/Terrain (16x16)_12.asset using Guid(32647941ad765bb4ca3342099a57bea6) Importer(815301076,1909f56bfc062723c751e8b465ee728b)  -> (artifact id: '5c7b77202ba47bd9d81c75b7c2982b94') in 0.018850 seconds
Number of updated asset objects reloaded before import = 0
Number of asset objects unloaded after import = 3
========================================================================
Received Import Request.
  Time since last request: 0.000023 seconds.
  path: Assets/Sprites/Terrain/Tile pallet/Terrain (16x16)_20.asset
  artifactKey: Guid(9d9a54b2ea94a294792982ce9535f510) Importer(815301076,1909f56bfc062723c751e8b465ee728b)
Start importing Assets/Sprites/Terrain/Tile pallet/Terrain (16x16)_20.asset using Guid(9d9a54b2ea94a294792982ce9535f510) Importer(815301076,1909f56bfc062723c751e8b465ee728b)  -> (artifact id: '21608240ab8156be33ad38e3a223cd53') in 0.023969 seconds
Number of updated asset objects reloaded before import = 0
Number of asset objects unloaded after import = 3
========================================================================
Received Import Request.
  Time since last request: 0.000025 seconds.
  path: Assets/Sprites/Terrain/Tile pallet/Terrain (16x16)_9.asset
  artifactKey: Guid(7ae41eed9465a6d40996ebe47df35145) Importer(815301076,1909f56bfc062723c751e8b465ee728b)
Start importing Assets/Sprites/Terrain/Tile pallet/Terrain (16x16)_9.asset using Guid(7ae41eed9465a6d40996ebe47df35145) Importer(815301076,1909f56bfc062723c751e8b465ee728b)  -> (artifact id: '7fb9ce7170992367739d6d6df010bc4e') in 0.013233 seconds
Number of updated asset objects reloaded before import = 0
Number of asset objects unloaded after import = 3
========================================================================
Received Import Request.
  Time since last request: 0.000022 seconds.
  path: Assets/Sprites/Terrain/Tile pallet/Terrain (16x16)_16.asset
  artifactKey: Guid(539673335b5616741a10c62a11e96be0) Importer(815301076,1909f56bfc062723c751e8b465ee728b)
Start importing Assets/Sprites/Terrain/Tile pallet/Terrain (16x16)_16.asset using Guid(539673335b5616741a10c62a11e96be0) Importer(815301076,1909f56bfc062723c751e8b465ee728b)  -> (artifact id: '8a6f886f984a6e8143050f7ab35cdcc3') in 0.007770 seconds
Number of updated asset objects reloaded before import = 0
Number of asset objects unloaded after import = 3
========================================================================
Received Import Request.
  Time since last request: 0.000067 seconds.
  path: Assets/Sprites/Terrain/Tile pallet/Terrain (16x16)_10.asset
  artifactKey: Guid(240c5fae331e4614698313cd6b15631e) Importer(815301076,1909f56bfc062723c751e8b465ee728b)
Start importing Assets/Sprites/Terrain/Tile pallet/Terrain (16x16)_10.asset using Guid(240c5fae331e4614698313cd6b15631e) Importer(815301076,1909f56bfc062723c751e8b465ee728b)  -> (artifact id: '2f2cdd18373364d79d59b0fc5b791d21') in 0.015788 seconds
Number of updated asset objects reloaded before import = 0
Number of asset objects unloaded after import = 3
========================================================================
Received Import Request.
  Time since last request: 0.000020 seconds.
  path: Assets/Sprites/Terrain/Tile pallet/Terrain (16x16)_23.asset
  artifactKey: Guid(84611ec956a50fc4299d4014b29f5ab7) Importer(815301076,1909f56bfc062723c751e8b465ee728b)
Start importing Assets/Sprites/Terrain/Tile pallet/Terrain (16x16)_23.asset using Guid(84611ec956a50fc4299d4014b29f5ab7) Importer(815301076,1909f56bfc062723c751e8b465ee728b)  -> (artifact id: 'e0b26652e65e2ab96ff697f165eee40b') in 0.013977 seconds
Number of updated asset objects reloaded before import = 0
Number of asset objects unloaded after import = 3
========================================================================
Received Import Request.
  Time since last request: 0.000021 seconds.
  path: Assets/Sprites/Terrain/Tile pallet/Terrain (16x16)_22.asset
  artifactKey: Guid(390a451801926b244b7fbafbaf6c61f1) Importer(815301076,1909f56bfc062723c751e8b465ee728b)
Start importing Assets/Sprites/Terrain/Tile pallet/Terrain (16x16)_22.asset using Guid(390a451801926b244b7fbafbaf6c61f1) Importer(815301076,1909f56bfc062723c751e8b465ee728b)  -> (artifact id: '958755ec9d4070f0db1a3756da6d1bc2') in 0.014937 seconds
Number of updated asset objects reloaded before import = 0
Number of asset objects unloaded after import = 3
========================================================================
Received Import Request.
  Time since last request: 146.509406 seconds.
  path: Assets/Sprites/Terrain/test pallet/Terrain (16x16)_1.asset
  artifactKey: Guid(c6845f4b08e410f4e99afd37e3e4e505) Importer(815301076,1909f56bfc062723c751e8b465ee728b)
Start importing Assets/Sprites/Terrain/test pallet/Terrain (16x16)_1.asset using Guid(c6845f4b08e410f4e99afd37e3e4e505) Importer(815301076,1909f56bfc062723c751e8b465ee728b)  -> (artifact id: '20d9b65fc8074a1515cb285f90b5644d') in 0.012768 seconds
Number of updated asset objects reloaded before import = 0
Number of asset objects unloaded after import = 3
========================================================================
Received Import Request.
  Time since last request: 0.000028 seconds.
  path: Assets/Sprites/Terrain/test pallet/Terrain (16x16)_6.asset
  artifactKey: Guid(9f5f8e0f5d11c3047b2542ab8ba31179) Importer(815301076,1909f56bfc062723c751e8b465ee728b)
Start importing Assets/Sprites/Terrain/test pallet/Terrain (16x16)_6.asset using Guid(9f5f8e0f5d11c3047b2542ab8ba31179) Importer(815301076,1909f56bfc062723c751e8b465ee728b)  -> (artifact id: 'e00bf346908cf5e8172ebab557230000') in 0.007323 seconds
Number of updated asset objects reloaded before import = 0
Number of asset objects unloaded after import = 3
========================================================================
Received Import Request.
  Time since last request: 0.000020 seconds.
  path: Assets/Sprites/Terrain/test pallet/Terrain (16x16)_22.asset
  artifactKey: Guid(cd53f9924272c9944810f5e623bd6804) Importer(815301076,1909f56bfc062723c751e8b465ee728b)
Start importing Assets/Sprites/Terrain/test pallet/Terrain (16x16)_22.asset using Guid(cd53f9924272c9944810f5e623bd6804) Importer(815301076,1909f56bfc062723c751e8b465ee728b)  -> (artifact id: '040d17ddcdb19fd084dba868017653f4') in 0.006844 seconds
Number of updated asset objects reloaded before import = 0
Number of asset objects unloaded after import = 3
========================================================================
Received Import Request.
  Time since last request: 0.000025 seconds.
  path: Assets/Sprites/Terrain/test pallet/Terrain (16x16)_10.asset
  artifactKey: Guid(4e32d48c4a17c604eaf04daa5b29f580) Importer(815301076,1909f56bfc062723c751e8b465ee728b)
Start importing Assets/Sprites/Terrain/test pallet/Terrain (16x16)_10.asset using Guid(4e32d48c4a17c604eaf04daa5b29f580) Importer(815301076,1909f56bfc062723c751e8b465ee728b)  -> (artifact id: '6b6b7b139125e66371936702b831d3ed') in 0.007101 seconds
Number of updated asset objects reloaded before import = 0
Number of asset objects unloaded after import = 3
========================================================================
Received Import Request.
  Time since last request: 0.000020 seconds.
  path: Assets/Sprites/Terrain/test pallet/Terrain (16x16)_8.asset
  artifactKey: Guid(438b1edfdc0866e4196df6d23d9d490c) Importer(815301076,1909f56bfc062723c751e8b465ee728b)
Start importing Assets/Sprites/Terrain/test pallet/Terrain (16x16)_8.asset using Guid(438b1edfdc0866e4196df6d23d9d490c) Importer(815301076,1909f56bfc062723c751e8b465ee728b)  -> (artifact id: 'baca07cabf1e2ace40c5b9302a9fdd22') in 0.007252 seconds
Number of updated asset objects reloaded before import = 0
Number of asset objects unloaded after import = 3
========================================================================
Received Import Request.
  Time since last request: 0.000017 seconds.
  path: Assets/Sprites/Terrain/test pallet/Terrain (16x16)_21.asset
  artifactKey: Guid(728b0907d4b403343834febfeb15c41a) Importer(815301076,1909f56bfc062723c751e8b465ee728b)
Start importing Assets/Sprites/Terrain/test pallet/Terrain (16x16)_21.asset using Guid(728b0907d4b403343834febfeb15c41a) Importer(815301076,1909f56bfc062723c751e8b465ee728b)  -> (artifact id: 'e460aedd97f842e623b9c279d0faae14') in 0.018431 seconds
Number of updated asset objects reloaded before import = 0
Number of asset objects unloaded after import = 3
========================================================================
Received Import Request.
  Time since last request: 0.000019 seconds.
  path: Assets/Sprites/Terrain/test pallet/Terrain (16x16)_13.asset
  artifactKey: Guid(d1c5c4cf8799a3443ace5a2256ed1e65) Importer(815301076,1909f56bfc062723c751e8b465ee728b)
Start importing Assets/Sprites/Terrain/test pallet/Terrain (16x16)_13.asset using Guid(d1c5c4cf8799a3443ace5a2256ed1e65) Importer(815301076,1909f56bfc062723c751e8b465ee728b)  -> (artifact id: '69e3f45d7a4a3344db3a1c15323aea98') in 0.009923 seconds
Number of updated asset objects reloaded before import = 0
Number of asset objects unloaded after import = 3
========================================================================
Received Import Request.
  Time since last request: 0.000022 seconds.
  path: Assets/Sprites/Terrain/test pallet/Terrain (16x16)_27.asset
  artifactKey: Guid(8498aed48321caf46ba61af1884454c3) Importer(815301076,1909f56bfc062723c751e8b465ee728b)
Start importing Assets/Sprites/Terrain/test pallet/Terrain (16x16)_27.asset using Guid(8498aed48321caf46ba61af1884454c3) Importer(815301076,1909f56bfc062723c751e8b465ee728b)  -> (artifact id: 'b9cf0da71a2bcfb0642bde47d279ed5e') in 0.012800 seconds
Number of updated asset objects reloaded before import = 0
Number of asset objects unloaded after import = 3
========================================================================
Received Import Request.
  Time since last request: 0.000023 seconds.
  path: Assets/Sprites/Terrain/test pallet/Terrain (16x16)_2.asset
  artifactKey: Guid(bf16d28e7ff353a4fb24f4ea3c170837) Importer(815301076,1909f56bfc062723c751e8b465ee728b)
Start importing Assets/Sprites/Terrain/test pallet/Terrain (16x16)_2.asset using Guid(bf16d28e7ff353a4fb24f4ea3c170837) Importer(815301076,1909f56bfc062723c751e8b465ee728b)  -> (artifact id: '58346614039b38980bfe3b8e090a6d20') in 0.011687 seconds
Number of updated asset objects reloaded before import = 0
Number of asset objects unloaded after import = 3
========================================================================
Received Import Request.
  Time since last request: 0.000021 seconds.
  path: Assets/Sprites/Terrain/test pallet/Terrain (16x16)_30.asset
  artifactKey: Guid(cafb27696d2bb5a4c9dc18607cbaf35e) Importer(815301076,1909f56bfc062723c751e8b465ee728b)
Start importing Assets/Sprites/Terrain/test pallet/Terrain (16x16)_30.asset using Guid(cafb27696d2bb5a4c9dc18607cbaf35e) Importer(815301076,1909f56bfc062723c751e8b465ee728b)  -> (artifact id: 'bad9345d219b7a62dc6b7641d780185e') in 0.017285 seconds
Number of updated asset objects reloaded before import = 0
Number of asset objects unloaded after import = 3
========================================================================
Received Import Request.
  Time since last request: 0.000026 seconds.
  path: Assets/Sprites/Terrain/test pallet/Terrain (16x16)_25.asset
  artifactKey: Guid(5585a7e9c8cc6fe448302977b79039ce) Importer(815301076,1909f56bfc062723c751e8b465ee728b)
Start importing Assets/Sprites/Terrain/test pallet/Terrain (16x16)_25.asset using Guid(5585a7e9c8cc6fe448302977b79039ce) Importer(815301076,1909f56bfc062723c751e8b465ee728b)  -> (artifact id: 'f941312396faba49dc07803ce56856b3') in 0.006181 seconds
Number of updated asset objects reloaded before import = 0
Number of asset objects unloaded after import = 3
========================================================================
Received Import Request.
  Time since last request: 0.000029 seconds.
  path: Assets/Sprites/Terrain/test pallet/Terrain (16x16)_18.asset
  artifactKey: Guid(67f610d4e0a93bf42a97df1b0c8f7d7e) Importer(815301076,1909f56bfc062723c751e8b465ee728b)
Start importing Assets/Sprites/Terrain/test pallet/Terrain (16x16)_18.asset using Guid(67f610d4e0a93bf42a97df1b0c8f7d7e) Importer(815301076,1909f56bfc062723c751e8b465ee728b)  -> (artifact id: '2a353480b2b3f0dd6746c302a1974385') in 0.010398 seconds
Number of updated asset objects reloaded before import = 0
Number of asset objects unloaded after import = 3
========================================================================
Received Import Request.
  Time since last request: 0.000018 seconds.
  path: Assets/Sprites/Terrain/test pallet/Terrain (16x16)_20.asset
  artifactKey: Guid(65c269c5343e78c408c73f3a3d655f35) Importer(815301076,1909f56bfc062723c751e8b465ee728b)
Start importing Assets/Sprites/Terrain/test pallet/Terrain (16x16)_20.asset using Guid(65c269c5343e78c408c73f3a3d655f35) Importer(815301076,1909f56bfc062723c751e8b465ee728b)  -> (artifact id: 'd2fbac510db28de9e0684d51700deb73') in 0.032757 seconds
Number of updated asset objects reloaded before import = 0
Number of asset objects unloaded after import = 3
========================================================================
Received Import Request.
  Time since last request: 0.000024 seconds.
  path: Assets/Sprites/Terrain/test pallet/Terrain (16x16)_9.asset
  artifactKey: Guid(a552731efddf748469eff15e3e132833) Importer(815301076,1909f56bfc062723c751e8b465ee728b)
Start importing Assets/Sprites/Terrain/test pallet/Terrain (16x16)_9.asset using Guid(a552731efddf748469eff15e3e132833) Importer(815301076,1909f56bfc062723c751e8b465ee728b)  -> (artifact id: '3b4f82a3aa99a7909a487dc33329073a') in 0.016008 seconds
Number of updated asset objects reloaded before import = 0
Number of asset objects unloaded after import = 3
========================================================================
Received Import Request.
  Time since last request: 0.000020 seconds.
  path: Assets/Sprites/Terrain/test pallet/Terrain (16x16)_5.asset
  artifactKey: Guid(c17b5948cc4376a4bbc9f4814c769987) Importer(815301076,1909f56bfc062723c751e8b465ee728b)
Start importing Assets/Sprites/Terrain/test pallet/Terrain (16x16)_5.asset using Guid(c17b5948cc4376a4bbc9f4814c769987) Importer(815301076,1909f56bfc062723c751e8b465ee728b)  -> (artifact id: '5aa88d076d1e04c923291b1e13c631ad') in 0.023667 seconds
Number of updated asset objects reloaded before import = 0
Number of asset objects unloaded after import = 3
Editor requested this worker to shutdown with reason: Scaling down because of idle timeout
TcpMessagingSession - receive error: operation aborted. errorcode: 995, details: Операция ввода/вывода была прервана из-за завершения потока команд или по запросу приложения.
AssetImportWorker is now disconnected from the server
Process exiting
Exiting without the bug reporter. Application will terminate with return code 0