Using pre-set license
Built from '2022.3/staging' branch; Version is '2022.3.16f1 (d2c21f0ef2f1) revision 13812255'; Using compiler version '192829333'; Build Type 'Release'
OS: 'Windows 11  (10.0.22631) 64bit CoreSingleLanguage' Language: 'ru' Physical Memory: 16110 MB
BatchMode: 1, IsHumanControllingUs: 0, StartBugReporterOnCrash: 0, Is64bit: 1, IsPro: 1

COMMAND LINE ARGUMENTS:
D:\unity\2022.3.16f1\Editor\Unity.exe
-adb2
-batchMode
-noUpm
-name
AssetImportWorker6
-projectPath
D:/Новая папка (3)/platformer
-logFile
Logs/AssetImportWorker6.log
-srvPort
5388
Successfully changed project path to: D:/Новая папка (3)/platformer
D:/Новая папка (3)/platformer
[UnityMemory] Configuration Parameters - Can be set up in boot.config
    "memorysetup-bucket-allocator-granularity=16"
    "memorysetup-bucket-allocator-bucket-count=8"
    "memorysetup-bucket-allocator-block-size=33554432"
    "memorysetup-bucket-allocator-block-count=8"
    "memorysetup-main-allocator-block-size=16777216"
    "memorysetup-thread-allocator-block-size=16777216"
    "memorysetup-gfx-main-allocator-block-size=16777216"
    "memorysetup-gfx-thread-allocator-block-size=16777216"
    "memorysetup-cache-allocator-block-size=4194304"
    "memorysetup-typetree-allocator-block-size=2097152"
    "memorysetup-profiler-bucket-allocator-granularity=16"
    "memorysetup-profiler-bucket-allocator-bucket-count=8"
    "memorysetup-profiler-bucket-allocator-block-size=33554432"
    "memorysetup-profiler-bucket-allocator-block-count=8"
    "memorysetup-profiler-allocator-block-size=16777216"
    "memorysetup-profiler-editor-allocator-block-size=1048576"
    "memorysetup-temp-allocator-size-main=16777216"
    "memorysetup-job-temp-allocator-block-size=2097152"
    "memorysetup-job-temp-allocator-block-size-background=1048576"
    "memorysetup-job-temp-allocator-reduction-small-platforms=262144"
    "memorysetup-allocator-temp-initial-block-size-main=262144"
    "memorysetup-allocator-temp-initial-block-size-worker=262144"
    "memorysetup-temp-allocator-size-background-worker=32768"
    "memorysetup-temp-allocator-size-job-worker=262144"
    "memorysetup-temp-allocator-size-preload-manager=33554432"
    "memorysetup-temp-allocator-size-nav-mesh-worker=65536"
    "memorysetup-temp-allocator-size-audio-worker=65536"
    "memorysetup-temp-allocator-size-cloud-worker=32768"
    "memorysetup-temp-allocator-size-gi-baking-worker=262144"
    "memorysetup-temp-allocator-size-gfx=262144"
Player connection [1952] Host "[IP] 26.101.226.202 [Port] 0 [Flags] 2 [Guid] 2361892827 [EditorId] 2361892827 [Version] 1048832 [Id] WindowsEditor(7,LAPTOP-FBSICSK7) [Debug] 1 [PackageName] WindowsEditor [ProjectName] Editor" joined multi-casting on [225.0.0.222:54997]...

Player connection [1952] Host "[IP] 26.101.226.202 [Port] 0 [Flags] 2 [Guid] 2361892827 [EditorId] 2361892827 [Version] 1048832 [Id] WindowsEditor(7,LAPTOP-FBSICSK7) [Debug] 1 [PackageName] WindowsEditor [ProjectName] Editor" joined alternative multi-casting on [225.0.0.222:34997]...

[Physics::Module] Initialized MultithreadedJobDispatcher with 11 workers.
Refreshing native plugins compatible for Editor in 19.87 ms, found 4 plugins.
Preloading 0 native plugins for Editor in 0.00 ms.
Initialize engine version: 2022.3.16f1 (d2c21f0ef2f1)
[Subsystems] Discovering subsystems at path D:/unity/2022.3.16f1/Editor/Data/Resources/UnitySubsystems
[Subsystems] Discovering subsystems at path D:/Новая папка (3)/platformer/Assets
GfxDevice: creating device client; threaded=0; jobified=0
Direct3D:
    Version:  Direct3D 11.0 [level 11.1]
    Renderer: Intel(R) UHD Graphics (ID=0x46a3)
    Vendor:   Intel
    VRAM:     8055 MB
    Driver:   31.0.101.3358
Initialize mono
Mono path[0] = 'D:/unity/2022.3.16f1/Editor/Data/Managed'
Mono path[1] = 'D:/unity/2022.3.16f1/Editor/Data/MonoBleedingEdge/lib/mono/unityjit-win32'
Mono config path = 'D:/unity/2022.3.16f1/Editor/Data/MonoBleedingEdge/etc'
Using monoOptions --debugger-agent=transport=dt_socket,embedding=1,server=y,suspend=n,address=127.0.0.1:56512
Begin MonoManager ReloadAssembly
Registering precompiled unity dll's ...
Register platform support module: D:/unity/2022.3.16f1/Editor/Data/PlaybackEngines/WebGLSupport/UnityEditor.WebGL.Extensions.dll
Register platform support module: D:/unity/2022.3.16f1/Editor/Data/PlaybackEngines/WindowsStandaloneSupport/UnityEditor.WindowsStandalone.Extensions.dll
Registered in 0.005381 seconds.
- Loaded All Assemblies, in  0.352 seconds
Native extension for WindowsStandalone target not found
Native extension for WebGL target not found
Mono: successfully reloaded assembly
- Finished resetting the current domain, in  0.270 seconds
Domain Reload Profiling: 623ms
	BeginReloadAssembly (126ms)
		ExecutionOrderSort (0ms)
		DisableScriptedObjects (0ms)
		BackupInstance (0ms)
		ReleaseScriptingObjects (0ms)
		CreateAndSetChildDomain (1ms)
	RebuildCommonClasses (30ms)
	RebuildNativeTypeToScriptingClass (9ms)
	initialDomainReloadingComplete (49ms)
	LoadAllAssembliesAndSetupDomain (138ms)
		LoadAssemblies (125ms)
		RebuildTransferFunctionScriptingTraits (0ms)
		AnalyzeDomain (136ms)
			TypeCache.Refresh (134ms)
				TypeCache.ScanAssembly (122ms)
			ScanForSourceGeneratedMonoScriptInfo (0ms)
			ResolveRequiredComponents (1ms)
	FinalizeReload (271ms)
		ReleaseScriptCaches (0ms)
		RebuildScriptCaches (0ms)
		SetupLoadedEditorAssemblies (213ms)
			LogAssemblyErrors (0ms)
			InitializePlatformSupportModulesInManaged (8ms)
			SetLoadedEditorAssemblies (6ms)
			RefreshPlugins (0ms)
			BeforeProcessingInitializeOnLoad (2ms)
			ProcessInitializeOnLoadAttributes (147ms)
			ProcessInitializeOnLoadMethodAttributes (50ms)
			AfterProcessingInitializeOnLoad (0ms)
			EditorAssembliesLoaded (0ms)
		ExecutionOrderSort2 (0ms)
		AwakeInstancesAfterBackupRestoration (0ms)
========================================================================
Worker process is ready to serve import requests
Begin MonoManager ReloadAssembly
- Loaded All Assemblies, in  0.676 seconds
Refreshing native plugins compatible for Editor in 2.63 ms, found 4 plugins.
Native extension for WindowsStandalone target not found
Native extension for WebGL target not found
Package Manager log level set to [2]
[Package Manager] Server::EnsureServerProcessIsRunning -- launch failed, reason: Unity was launched with the -noUpm command-line argument
[Package Manager] UpmClient::Send -- Unable to send message (not connected to UPM process).
[Package Manager] Cannot connect to Unity Package Manager local server
Mono: successfully reloaded assembly
- Finished resetting the current domain, in  0.724 seconds
Domain Reload Profiling: 1401ms
	BeginReloadAssembly (131ms)
		ExecutionOrderSort (0ms)
		DisableScriptedObjects (5ms)
		BackupInstance (0ms)
		ReleaseScriptingObjects (0ms)
		CreateAndSetChildDomain (22ms)
	RebuildCommonClasses (30ms)
	RebuildNativeTypeToScriptingClass (8ms)
	initialDomainReloadingComplete (34ms)
	LoadAllAssembliesAndSetupDomain (472ms)
		LoadAssemblies (385ms)
		RebuildTransferFunctionScriptingTraits (0ms)
		AnalyzeDomain (160ms)
			TypeCache.Refresh (131ms)
				TypeCache.ScanAssembly (118ms)
			ScanForSourceGeneratedMonoScriptInfo (22ms)
			ResolveRequiredComponents (5ms)
	FinalizeReload (725ms)
		ReleaseScriptCaches (0ms)
		RebuildScriptCaches (0ms)
		SetupLoadedEditorAssemblies (563ms)
			LogAssemblyErrors (0ms)
			InitializePlatformSupportModulesInManaged (7ms)
			SetLoadedEditorAssemblies (5ms)
			RefreshPlugins (0ms)
			BeforeProcessingInitializeOnLoad (94ms)
			ProcessInitializeOnLoadAttributes (414ms)
			ProcessInitializeOnLoadMethodAttributes (41ms)
			AfterProcessingInitializeOnLoad (2ms)
			EditorAssembliesLoaded (0ms)
		ExecutionOrderSort2 (0ms)
		AwakeInstancesAfterBackupRestoration (5ms)
Launched and connected shader compiler UnityShaderCompiler.exe after 0.06 seconds
Refreshing native plugins compatible for Editor in 1.76 ms, found 4 plugins.
Preloading 0 native plugins for Editor in 0.00 ms.
Unloading 4199 Unused Serialized files (Serialized files now loaded: 0)
Unloading 82 unused Assets / (270.6 KB). Loaded Objects now: 4655.
Memory consumption went from 149.0 MB to 148.7 MB.
Total: 3.225700 ms (FindLiveObjects: 0.274600 ms CreateObjectMapping: 0.173600 ms MarkObjects: 2.543300 ms  DeleteObjects: 0.233200 ms)

AssetImportParameters requested are different than current active one (requested -> active):
  custom:container-demuxer-ogg: 62fdf1f143b41e24485cea50d1cbac27 -> 
  custom:video-codec-MediaFoundation-h265: 746d11721c4dcdbdad8f713fa42b33f4 -> 
  custom:video-decoder-ogg-theora: a1e56fd34408186e4bbccfd4996cb3dc -> 
  custom:scripting/monoscript/fileName/Ground.cs: 7415901f32c2a0c2fffe55ebf317a3a1 -> 280fef7541238b592d97063dffe109df
  custom:framework-win-MediaFoundation: 216162199b28c13a410421893ffa2e32 -> 
  custom:scripting/monoscript/fileName/Move.cs: 7b43a81116163ddef85a558461501685 -> d6379711722d90072060b333fc0a5937
  custom:scripting/monoscript/fileName/PlayerController.cs: 5b090d859ab09be631dc3b0f203f9571 -> d93a52a180fbbe603a59e9aa6da73c83
  custom:CustomObjectIndexerAttribute: 43b350a4d6e6d1791af0b5038c4bea17 -> 
  custom:container-demuxer-webm: 4f35f7cbe854078d1ac9338744f61a02 -> 
  custom:container-muxer-webm: aa71ff27fc2769a1b78a27578f13a17b -> 
  custom:video-decoder-webm-vp8: 9c59270c3fd7afecdb556c50c9e8de78 -> 
  custom:SearchIndexIgnoredProperties: e643bd26f0fe6173181afceb89e7c659 -> 
  custom:AudioImporter_EditorPlatform: d09bf68614088b80899f8185d706f6e7 -> 
  custom:scripting/monoscript/fileName/Controller.cs: 83623ba3567b8f11fb361ef55cb909aa -> 9ac834cf3508dd1b6236017959eb9876
  custom:scripting/monoscript/fileName/PlayerAnimation.cs: 42d14fb16eb20114832bd96db7f3b4ee -> 133362f4569ff299a4fb9418ed7b7293
  custom:video-encoder-webm-vp8: eb34c28f22e8b96e1ab97ce403110664 -> 
  custom:audio-decoder-ogg-vorbis: bf7c407c2cedff20999df2af8eb42d56 -> 
  custom:scripting/monoscript/fileName/InputController.cs: b0f2e83118997bd54cd1245c5af56013 -> bd133c2f87121a2c634bd0c4831cedbf
  custom:audio-encoder-webm-vorbis: bf7c407c2cedff20999df2af8eb42d56 -> 
  custom:scripting/monoscript/fileName/Jump.cs: 78a95732ad5860df095c56964c6c81f3 -> fc6b42c7642d8bfd7aadf4edc6b67f71
========================================================================
Received Import Request.
  Time since last request: 1417531.644061 seconds.
  path: Assets/Sprites/Terrain/test.prefab
  artifactKey: Guid(4d02b6a0238fcd44697316381e7ffae6) Importer(815301076,1909f56bfc062723c751e8b465ee728b)
Start importing Assets/Sprites/Terrain/test.prefab using Guid(4d02b6a0238fcd44697316381e7ffae6) Importer(815301076,1909f56bfc062723c751e8b465ee728b)  -> (artifact id: '34b8de3233821ba7f6acfc1997d8ed84') in 0.104526 seconds
Number of updated asset objects reloaded before import = 0
Number of asset objects unloaded after import = 10
========================================================================
Received Import Request.
  Time since last request: 21.905272 seconds.
  path: Assets/Sprites/Terrain/test.prefab
  artifactKey: Guid(4d02b6a0238fcd44697316381e7ffae6) Importer(815301076,1909f56bfc062723c751e8b465ee728b)
Start importing Assets/Sprites/Terrain/test.prefab using Guid(4d02b6a0238fcd44697316381e7ffae6) Importer(815301076,1909f56bfc062723c751e8b465ee728b)  -> (artifact id: '05e78b111f735c4acbd70ef54541929d') in 0.029404 seconds
Number of updated asset objects reloaded before import = 0
Number of asset objects unloaded after import = 77
========================================================================
Received Import Request.
  Time since last request: 31.441880 seconds.
  path: Assets/Sprites/Terrain/Terrain.prefab
  artifactKey: Guid(4d02b6a0238fcd44697316381e7ffae6) Importer(815301076,1909f56bfc062723c751e8b465ee728b)
Start importing Assets/Sprites/Terrain/Terrain.prefab using Guid(4d02b6a0238fcd44697316381e7ffae6) Importer(815301076,1909f56bfc062723c751e8b465ee728b)  -> (artifact id: '1a161db4d7849a4e54d175bbbacdc818') in 0.017793 seconds
Number of updated asset objects reloaded before import = 0
Number of asset objects unloaded after import = 77
========================================================================
Received Import Request.
  Time since last request: 3.438887 seconds.
  path: Assets/Sprites/Terrain/test pallet
  artifactKey: Guid(28484c0f858532c4fbd83a5dec463870) Importer(815301076,1909f56bfc062723c751e8b465ee728b)
Start importing Assets/Sprites/Terrain/test pallet using Guid(28484c0f858532c4fbd83a5dec463870) Importer(815301076,1909f56bfc062723c751e8b465ee728b)  -> (artifact id: 'f6a4fdb35425771206c8dcd1f21c777c') in 0.000472 seconds
Number of updated asset objects reloaded before import = 0
Number of asset objects unloaded after import = 0
========================================================================
Received Import Request.
  Time since last request: 0.049529 seconds.
  path: Assets/Sprites/Terrain/test pallet/Terrain (16x16)_0.asset
  artifactKey: Guid(b0ae31241627c1e438cb1051eccda4a8) Importer(815301076,1909f56bfc062723c751e8b465ee728b)
Start importing Assets/Sprites/Terrain/test pallet/Terrain (16x16)_0.asset using Guid(b0ae31241627c1e438cb1051eccda4a8) Importer(815301076,1909f56bfc062723c751e8b465ee728b)  -> (artifact id: 'ae6b15a176dc1532d20db8c3711f338e') in 0.016073 seconds
Number of updated asset objects reloaded before import = 0
Number of asset objects unloaded after import = 3
========================================================================
Received Import Request.
  Time since last request: 0.000040 seconds.
  path: Assets/Sprites/Terrain/test pallet/Terrain (16x16)_7.asset
  artifactKey: Guid(b1067e2f6aa7c594c901e3233e6ba47b) Importer(815301076,1909f56bfc062723c751e8b465ee728b)
Start importing Assets/Sprites/Terrain/test pallet/Terrain (16x16)_7.asset using Guid(b1067e2f6aa7c594c901e3233e6ba47b) Importer(815301076,1909f56bfc062723c751e8b465ee728b)  -> (artifact id: '8a9fda5403676d15e6f5d0365fcc6d64') in 0.006671 seconds
Number of updated asset objects reloaded before import = 0
Number of asset objects unloaded after import = 3
========================================================================
Received Import Request.
  Time since last request: 0.000019 seconds.
  path: Assets/Sprites/Terrain/test pallet/Terrain (16x16)_31.asset
  artifactKey: Guid(d6e81cc5cd4e632428c679dffbe81b16) Importer(815301076,1909f56bfc062723c751e8b465ee728b)
Start importing Assets/Sprites/Terrain/test pallet/Terrain (16x16)_31.asset using Guid(d6e81cc5cd4e632428c679dffbe81b16) Importer(815301076,1909f56bfc062723c751e8b465ee728b)  -> (artifact id: '6dd4b125a929d9e60f339e40f64da948') in 0.009003 seconds
Number of updated asset objects reloaded before import = 0
Number of asset objects unloaded after import = 3
========================================================================
Received Import Request.
  Time since last request: 0.000023 seconds.
  path: Assets/Sprites/Terrain/test pallet/Terrain (16x16)_17.asset
  artifactKey: Guid(f512dfdd19ea9c144b073c6103d98684) Importer(815301076,1909f56bfc062723c751e8b465ee728b)
Start importing Assets/Sprites/Terrain/test pallet/Terrain (16x16)_17.asset using Guid(f512dfdd19ea9c144b073c6103d98684) Importer(815301076,1909f56bfc062723c751e8b465ee728b)  -> (artifact id: '586702a9f9959df6160c7518798da18a') in 0.010691 seconds
Number of updated asset objects reloaded before import = 0
Number of asset objects unloaded after import = 3
========================================================================
Received Import Request.
  Time since last request: 0.000020 seconds.
  path: Assets/Sprites/Terrain/test pallet/Terrain (16x16)_16.asset
  artifactKey: Guid(01b9efd541666264b8885c10806e4aca) Importer(815301076,1909f56bfc062723c751e8b465ee728b)
Start importing Assets/Sprites/Terrain/test pallet/Terrain (16x16)_16.asset using Guid(01b9efd541666264b8885c10806e4aca) Importer(815301076,1909f56bfc062723c751e8b465ee728b)  -> (artifact id: 'b39358eb079241daef60e04d5521b2f3') in 0.011548 seconds
Number of updated asset objects reloaded before import = 0
Number of asset objects unloaded after import = 3
========================================================================
Received Import Request.
  Time since last request: 0.000021 seconds.
  path: Assets/Sprites/Terrain/test pallet/Terrain (16x16)_19.asset
  artifactKey: Guid(7f2cbbecd8442464eb3695e9a7076add) Importer(815301076,1909f56bfc062723c751e8b465ee728b)
Start importing Assets/Sprites/Terrain/test pallet/Terrain (16x16)_19.asset using Guid(7f2cbbecd8442464eb3695e9a7076add) Importer(815301076,1909f56bfc062723c751e8b465ee728b)  -> (artifact id: '98e0b2604fc10391eb20c1bca3827657') in 0.022050 seconds
Number of updated asset objects reloaded before import = 0
Number of asset objects unloaded after import = 3
========================================================================
Received Import Request.
  Time since last request: 0.000020 seconds.
  path: Assets/Sprites/Terrain/test pallet/Terrain (16x16)_14.asset
  artifactKey: Guid(2c768b5347edb0d468c008a841683a14) Importer(815301076,1909f56bfc062723c751e8b465ee728b)
Start importing Assets/Sprites/Terrain/test pallet/Terrain (16x16)_14.asset using Guid(2c768b5347edb0d468c008a841683a14) Importer(815301076,1909f56bfc062723c751e8b465ee728b)  -> (artifact id: '98b0cafdc916b1a86e3cb6db598f6de3') in 0.014530 seconds
Number of updated asset objects reloaded before import = 0
Number of asset objects unloaded after import = 3
========================================================================
Received Import Request.
  Time since last request: 0.000022 seconds.
  path: Assets/Sprites/Terrain/test pallet/Terrain (16x16)_3.asset
  artifactKey: Guid(1d0e35b9e04ee4c448df8f228c4ed6f3) Importer(815301076,1909f56bfc062723c751e8b465ee728b)
Start importing Assets/Sprites/Terrain/test pallet/Terrain (16x16)_3.asset using Guid(1d0e35b9e04ee4c448df8f228c4ed6f3) Importer(815301076,1909f56bfc062723c751e8b465ee728b)  -> (artifact id: '3a7ca9c6c361788522b15e738475df5e') in 0.009479 seconds
Number of updated asset objects reloaded before import = 0
Number of asset objects unloaded after import = 3
========================================================================
Received Import Request.
  Time since last request: 0.000030 seconds.
  path: Assets/Sprites/Terrain/test pallet/Terrain (16x16)_32.asset
  artifactKey: Guid(972dd05f334440b40b97977386bb6f4a) Importer(815301076,1909f56bfc062723c751e8b465ee728b)
Start importing Assets/Sprites/Terrain/test pallet/Terrain (16x16)_32.asset using Guid(972dd05f334440b40b97977386bb6f4a) Importer(815301076,1909f56bfc062723c751e8b465ee728b)  -> (artifact id: '900292a8addb610b4ff07d58c7663cb7') in 0.013222 seconds
Number of updated asset objects reloaded before import = 0
Number of asset objects unloaded after import = 3
========================================================================
Received Import Request.
  Time since last request: 0.000016 seconds.
  path: Assets/Sprites/Terrain/test pallet/Terrain (16x16)_26.asset
  artifactKey: Guid(d72cbaf94bb708e4e8d2699ca221890f) Importer(815301076,1909f56bfc062723c751e8b465ee728b)
Start importing Assets/Sprites/Terrain/test pallet/Terrain (16x16)_26.asset using Guid(d72cbaf94bb708e4e8d2699ca221890f) Importer(815301076,1909f56bfc062723c751e8b465ee728b)  -> (artifact id: '017985fde3d999efb5ef8652aad0a2b3') in 0.017386 seconds
Number of updated asset objects reloaded before import = 0
Number of asset objects unloaded after import = 3
========================================================================
Received Import Request.
  Time since last request: 0.000068 seconds.
  path: Assets/Sprites/Terrain/test pallet/Terrain (16x16)_24.asset
  artifactKey: Guid(7a5588f408057ae45b68f033d278c79f) Importer(815301076,1909f56bfc062723c751e8b465ee728b)
Start importing Assets/Sprites/Terrain/test pallet/Terrain (16x16)_24.asset using Guid(7a5588f408057ae45b68f033d278c79f) Importer(815301076,1909f56bfc062723c751e8b465ee728b)  -> (artifact id: 'f8c4c1b9fb4796e1cf14bd2670e4f42d') in 0.007439 seconds
Number of updated asset objects reloaded before import = 0
Number of asset objects unloaded after import = 3
========================================================================
Received Import Request.
  Time since last request: 0.000019 seconds.
  path: Assets/Sprites/Terrain/test pallet/Terrain (16x16)_28.asset
  artifactKey: Guid(c2c74848f23f8244f8af4eb198130440) Importer(815301076,1909f56bfc062723c751e8b465ee728b)
Start importing Assets/Sprites/Terrain/test pallet/Terrain (16x16)_28.asset using Guid(c2c74848f23f8244f8af4eb198130440) Importer(815301076,1909f56bfc062723c751e8b465ee728b)  -> (artifact id: '108bd36d106746d7498709bcb32ea50a') in 0.009379 seconds
Number of updated asset objects reloaded before import = 0
Number of asset objects unloaded after import = 3
========================================================================
Received Import Request.
  Time since last request: 0.000020 seconds.
  path: Assets/Sprites/Terrain/test pallet/Terrain (16x16)_29.asset
  artifactKey: Guid(9a7b8722d6eb05343993a8baf63f9cc8) Importer(815301076,1909f56bfc062723c751e8b465ee728b)
Start importing Assets/Sprites/Terrain/test pallet/Terrain (16x16)_29.asset using Guid(9a7b8722d6eb05343993a8baf63f9cc8) Importer(815301076,1909f56bfc062723c751e8b465ee728b)  -> (artifact id: '5ef1b866b14b4e15d2899cc4eb4613c1') in 0.007583 seconds
Number of updated asset objects reloaded before import = 0
Number of asset objects unloaded after import = 3
========================================================================
Received Import Request.
  Time since last request: 0.000028 seconds.
  path: Assets/Sprites/Terrain/test pallet/Terrain (16x16)_4.asset
  artifactKey: Guid(734c8ecf2e3188f43b23e181f8a0dd21) Importer(815301076,1909f56bfc062723c751e8b465ee728b)
Start importing Assets/Sprites/Terrain/test pallet/Terrain (16x16)_4.asset using Guid(734c8ecf2e3188f43b23e181f8a0dd21) Importer(815301076,1909f56bfc062723c751e8b465ee728b)  -> (artifact id: '97c0e30fffbcb674f3e684b5ead589cd') in 0.012704 seconds
Number of updated asset objects reloaded before import = 0
Number of asset objects unloaded after import = 3
========================================================================
Received Import Request.
  Time since last request: 0.000023 seconds.
  path: Assets/Sprites/Terrain/test pallet/Terrain (16x16)_15.asset
  artifactKey: Guid(52eb162afb50ccd45ad8d5a7491722c4) Importer(815301076,1909f56bfc062723c751e8b465ee728b)
Start importing Assets/Sprites/Terrain/test pallet/Terrain (16x16)_15.asset using Guid(52eb162afb50ccd45ad8d5a7491722c4) Importer(815301076,1909f56bfc062723c751e8b465ee728b)  -> (artifact id: '2a11a24b7213629e1f048d9369884ad6') in 0.007907 seconds
Number of updated asset objects reloaded before import = 0
Number of asset objects unloaded after import = 3
========================================================================
Received Import Request.
  Time since last request: 0.000020 seconds.
  path: Assets/Sprites/Terrain/test pallet/Terrain (16x16)_23.asset
  artifactKey: Guid(96b88319ccbb2854181c7398f9f83376) Importer(815301076,1909f56bfc062723c751e8b465ee728b)
Start importing Assets/Sprites/Terrain/test pallet/Terrain (16x16)_23.asset using Guid(96b88319ccbb2854181c7398f9f83376) Importer(815301076,1909f56bfc062723c751e8b465ee728b)  -> (artifact id: '263edbfd2b7dcbf697e75c4d844d083b') in 0.009280 seconds
Number of updated asset objects reloaded before import = 0
Number of asset objects unloaded after import = 3
========================================================================
Received Import Request.
  Time since last request: 0.000022 seconds.
  path: Assets/Sprites/Terrain/test pallet/Terrain (16x16)_11.asset
  artifactKey: Guid(fb1a8ab7501e2f24ab18e420b94f452f) Importer(815301076,1909f56bfc062723c751e8b465ee728b)
Start importing Assets/Sprites/Terrain/test pallet/Terrain (16x16)_11.asset using Guid(fb1a8ab7501e2f24ab18e420b94f452f) Importer(815301076,1909f56bfc062723c751e8b465ee728b)  -> (artifact id: '7ad8870d1e51553aab6e72947d7e80a5') in 0.009707 seconds
Number of updated asset objects reloaded before import = 0
Number of asset objects unloaded after import = 3
========================================================================
Received Import Request.
  Time since last request: 0.000030 seconds.
  path: Assets/Sprites/Terrain/test pallet/Terrain (16x16)_12.asset
  artifactKey: Guid(e9ab535f2ca2cc342a013d2feccbc853) Importer(815301076,1909f56bfc062723c751e8b465ee728b)
Start importing Assets/Sprites/Terrain/test pallet/Terrain (16x16)_12.asset using Guid(e9ab535f2ca2cc342a013d2feccbc853) Importer(815301076,1909f56bfc062723c751e8b465ee728b)  -> (artifact id: '370780c6e12c4738f1262cd03439c4b7') in 0.012671 seconds
Number of updated asset objects reloaded before import = 0
Number of asset objects unloaded after import = 3
========================================================================
Received Import Request.
  Time since last request: 36.731254 seconds.
  path: Assets/Sprites/Terrain/Terrain.prefab
  artifactKey: Guid(4d02b6a0238fcd44697316381e7ffae6) Importer(815301076,1909f56bfc062723c751e8b465ee728b)
Start importing Assets/Sprites/Terrain/Terrain.prefab using Guid(4d02b6a0238fcd44697316381e7ffae6) Importer(815301076,1909f56bfc062723c751e8b465ee728b)  -> (artifact id: '9826817f9c11a249650d75e162774aa5') in 0.029953 seconds
Number of updated asset objects reloaded before import = 0
Number of asset objects unloaded after import = 44
========================================================================
Received Import Request.
  Time since last request: 27.545346 seconds.
  path: Assets/Sprites/Terrain/Tile pallet/Terrain
  artifactKey: Guid(29d475e511613ce45b6bc3622ef6396f) Importer(815301076,1909f56bfc062723c751e8b465ee728b)
Start importing Assets/Sprites/Terrain/Tile pallet/Terrain using Guid(29d475e511613ce45b6bc3622ef6396f) Importer(815301076,1909f56bfc062723c751e8b465ee728b)  -> (artifact id: 'c444b70ba0af7fbd7bd5e49bffaafe33') in 0.000386 seconds
Number of updated asset objects reloaded before import = 0
Number of asset objects unloaded after import = 0
========================================================================
Received Import Request.
  Time since last request: 0.067833 seconds.
  path: Assets/Sprites/Terrain/Tile pallet/Terrain/Terrain.prefab
  artifactKey: Guid(5aa4b6b80f5ae0c43b9deb0338d623ff) Importer(815301076,1909f56bfc062723c751e8b465ee728b)
Start importing Assets/Sprites/Terrain/Tile pallet/Terrain/Terrain.prefab using Guid(5aa4b6b80f5ae0c43b9deb0338d623ff) Importer(815301076,1909f56bfc062723c751e8b465ee728b)  -> (artifact id: '8b815b294cfbaa892bf4b20f7baff80d') in 0.025153 seconds
Number of updated asset objects reloaded before import = 0
Number of asset objects unloaded after import = 10
========================================================================
Received Import Request.
  Time since last request: 22.291814 seconds.
  path: Assets/Sprites/Terrain/Terrain.prefab
  artifactKey: Guid(5aa4b6b80f5ae0c43b9deb0338d623ff) Importer(815301076,1909f56bfc062723c751e8b465ee728b)
Start importing Assets/Sprites/Terrain/Terrain.prefab using Guid(5aa4b6b80f5ae0c43b9deb0338d623ff) Importer(815301076,1909f56bfc062723c751e8b465ee728b)  -> (artifact id: '532bd2625f7a492a85354f3ea1ec929e') in 0.025829 seconds
Number of updated asset objects reloaded before import = 0
Number of asset objects unloaded after import = 77
========================================================================
Received Import Request.
  Time since last request: 1.464114 seconds.
  path: Assets/Sprites/Terrain/Tile pallet/Terrain/Terrain (16x16)_0.asset
  artifactKey: Guid(439d3df7c17112345b1958d3aa3f1fed) Importer(815301076,1909f56bfc062723c751e8b465ee728b)
Start importing Assets/Sprites/Terrain/Tile pallet/Terrain/Terrain (16x16)_0.asset using Guid(439d3df7c17112345b1958d3aa3f1fed) Importer(815301076,1909f56bfc062723c751e8b465ee728b)  -> (artifact id: 'cf4f9bdd0143ead3a99a9bb3322f9d08') in 0.014681 seconds
Number of updated asset objects reloaded before import = 0
Number of asset objects unloaded after import = 3
========================================================================
Received Import Request.
  Time since last request: 0.000018 seconds.
  path: Assets/Sprites/Terrain/Tile pallet/Terrain/Terrain (16x16)_7.asset
  artifactKey: Guid(ab5439c0766bacc46b4f8b66f64226da) Importer(815301076,1909f56bfc062723c751e8b465ee728b)
Start importing Assets/Sprites/Terrain/Tile pallet/Terrain/Terrain (16x16)_7.asset using Guid(ab5439c0766bacc46b4f8b66f64226da) Importer(815301076,1909f56bfc062723c751e8b465ee728b)  -> (artifact id: '5c2ef8df8f4564a85b1fe2b39376a16e') in 0.015804 seconds
Number of updated asset objects reloaded before import = 0
Number of asset objects unloaded after import = 3
========================================================================
Received Import Request.
  Time since last request: 0.000020 seconds.
  path: Assets/Sprites/Terrain/Tile pallet/Terrain/Terrain (16x16)_15.asset
  artifactKey: Guid(08c1e877b9462a5428fd0b89b1029606) Importer(815301076,1909f56bfc062723c751e8b465ee728b)
Start importing Assets/Sprites/Terrain/Tile pallet/Terrain/Terrain (16x16)_15.asset using Guid(08c1e877b9462a5428fd0b89b1029606) Importer(815301076,1909f56bfc062723c751e8b465ee728b)  -> (artifact id: '8276f873fbc3f180e500f3149ab37c6d') in 0.008630 seconds
Number of updated asset objects reloaded before import = 0
Number of asset objects unloaded after import = 3
========================================================================
Received Import Request.
  Time since last request: 0.000019 seconds.
  path: Assets/Sprites/Terrain/Tile pallet/Terrain/Terrain (16x16)_18.asset
  artifactKey: Guid(a44746c4ee5df564eae2cb0d0f5090d6) Importer(815301076,1909f56bfc062723c751e8b465ee728b)
Start importing Assets/Sprites/Terrain/Tile pallet/Terrain/Terrain (16x16)_18.asset using Guid(a44746c4ee5df564eae2cb0d0f5090d6) Importer(815301076,1909f56bfc062723c751e8b465ee728b)  -> (artifact id: '5fee5d810eea18da9b84cbff01e6bca1') in 0.011091 seconds
Number of updated asset objects reloaded before import = 0
Number of asset objects unloaded after import = 3
========================================================================
Received Import Request.
  Time since last request: 0.000068 seconds.
  path: Assets/Sprites/Terrain/Tile pallet/Terrain/Terrain (16x16)_32.asset
  artifactKey: Guid(25fceff28bf35c44c9169e9ff59e2776) Importer(815301076,1909f56bfc062723c751e8b465ee728b)
Start importing Assets/Sprites/Terrain/Tile pallet/Terrain/Terrain (16x16)_32.asset using Guid(25fceff28bf35c44c9169e9ff59e2776) Importer(815301076,1909f56bfc062723c751e8b465ee728b)  -> (artifact id: '7b6cb1edf440455b68516ae0ef1d1c6c') in 0.012283 seconds
Number of updated asset objects reloaded before import = 0
Number of asset objects unloaded after import = 3
========================================================================
Received Import Request.
  Time since last request: 0.000021 seconds.
  path: Assets/Sprites/Terrain/Tile pallet/Terrain/Terrain (16x16)_11.asset
  artifactKey: Guid(b015e80177a8c0d4f939aa24713cd3d4) Importer(815301076,1909f56bfc062723c751e8b465ee728b)
Start importing Assets/Sprites/Terrain/Tile pallet/Terrain/Terrain (16x16)_11.asset using Guid(b015e80177a8c0d4f939aa24713cd3d4) Importer(815301076,1909f56bfc062723c751e8b465ee728b)  -> (artifact id: 'ae533bd35368b355a266af048504b318') in 0.007503 seconds
Number of updated asset objects reloaded before import = 0
Number of asset objects unloaded after import = 3
========================================================================
Received Import Request.
  Time since last request: 0.000024 seconds.
  path: Assets/Sprites/Terrain/Tile pallet/Terrain/Terrain (16x16)_12.asset
  artifactKey: Guid(08ecc0d79e6300346b8ac2847d2c16c6) Importer(815301076,1909f56bfc062723c751e8b465ee728b)
Start importing Assets/Sprites/Terrain/Tile pallet/Terrain/Terrain (16x16)_12.asset using Guid(08ecc0d79e6300346b8ac2847d2c16c6) Importer(815301076,1909f56bfc062723c751e8b465ee728b)  -> (artifact id: 'cfd5325ab8cdaf28146a8367ef2868e7') in 0.021930 seconds
Number of updated asset objects reloaded before import = 0
Number of asset objects unloaded after import = 3
========================================================================
Received Import Request.
  Time since last request: 0.000027 seconds.
  path: Assets/Sprites/Terrain/Tile pallet/Terrain/Terrain (16x16)_4.asset
  artifactKey: Guid(f6bd86febcadf5f49ad6a1a3758fc892) Importer(815301076,1909f56bfc062723c751e8b465ee728b)
Start importing Assets/Sprites/Terrain/Tile pallet/Terrain/Terrain (16x16)_4.asset using Guid(f6bd86febcadf5f49ad6a1a3758fc892) Importer(815301076,1909f56bfc062723c751e8b465ee728b)  -> (artifact id: '0a5b5ed321555f38f12b40fb31a506f9') in 0.020514 seconds
Number of updated asset objects reloaded before import = 0
Number of asset objects unloaded after import = 3
========================================================================
Received Import Request.
  Time since last request: 0.000018 seconds.
  path: Assets/Sprites/Terrain/Tile pallet/Terrain/Terrain (16x16)_26.asset
  artifactKey: Guid(aa4240771afcb4e49aea901bc45ac5d1) Importer(815301076,1909f56bfc062723c751e8b465ee728b)
Start importing Assets/Sprites/Terrain/Tile pallet/Terrain/Terrain (16x16)_26.asset using Guid(aa4240771afcb4e49aea901bc45ac5d1) Importer(815301076,1909f56bfc062723c751e8b465ee728b)  -> (artifact id: 'be8494adf2aeb619e473e16d0db097e4') in 0.035232 seconds
Number of updated asset objects reloaded before import = 0
Number of asset objects unloaded after import = 3
========================================================================
Received Import Request.
  Time since last request: 0.000025 seconds.
  path: Assets/Sprites/Terrain/Tile pallet/Terrain/Terrain (16x16)_29.asset
  artifactKey: Guid(a6af4414a7ea0684e92c10eb41ce7e63) Importer(815301076,1909f56bfc062723c751e8b465ee728b)
Start importing Assets/Sprites/Terrain/Tile pallet/Terrain/Terrain (16x16)_29.asset using Guid(a6af4414a7ea0684e92c10eb41ce7e63) Importer(815301076,1909f56bfc062723c751e8b465ee728b)  -> (artifact id: 'a0900292f9cd77125315cd5b78fbdb56') in 0.006595 seconds
Number of updated asset objects reloaded before import = 0
Number of asset objects unloaded after import = 3
========================================================================
Received Import Request.
  Time since last request: 0.000022 seconds.
  path: Assets/Sprites/Terrain/Tile pallet/Terrain/Terrain (16x16)_2.asset
  artifactKey: Guid(29464ae733cb0ca46a3e3d07698731a6) Importer(815301076,1909f56bfc062723c751e8b465ee728b)
Start importing Assets/Sprites/Terrain/Tile pallet/Terrain/Terrain (16x16)_2.asset using Guid(29464ae733cb0ca46a3e3d07698731a6) Importer(815301076,1909f56bfc062723c751e8b465ee728b)  -> (artifact id: '2b3e1c6fb51a833ea7e57d5e34c0d160') in 0.012044 seconds
Number of updated asset objects reloaded before import = 0
Number of asset objects unloaded after import = 3
========================================================================
Received Import Request.
  Time since last request: 0.000028 seconds.
  path: Assets/Sprites/Terrain/Tile pallet/Terrain/Terrain (16x16)_23.asset
  artifactKey: Guid(af682c95487cc2049b6e9965c49acc80) Importer(815301076,1909f56bfc062723c751e8b465ee728b)
Start importing Assets/Sprites/Terrain/Tile pallet/Terrain/Terrain (16x16)_23.asset using Guid(af682c95487cc2049b6e9965c49acc80) Importer(815301076,1909f56bfc062723c751e8b465ee728b)  -> (artifact id: '8d648884278a316cb941e57e77c4f101') in 0.009185 seconds
Number of updated asset objects reloaded before import = 0
Number of asset objects unloaded after import = 3
========================================================================
Received Import Request.
  Time since last request: 0.000020 seconds.
  path: Assets/Sprites/Terrain/Tile pallet/Terrain/Terrain (16x16)_31.asset
  artifactKey: Guid(e137ed19aca483c45a014153c2610eb1) Importer(815301076,1909f56bfc062723c751e8b465ee728b)
Start importing Assets/Sprites/Terrain/Tile pallet/Terrain/Terrain (16x16)_31.asset using Guid(e137ed19aca483c45a014153c2610eb1) Importer(815301076,1909f56bfc062723c751e8b465ee728b)  -> (artifact id: '5d25ee303a60bf1251da85c4714f3d4f') in 0.009440 seconds
Number of updated asset objects reloaded before import = 0
Number of asset objects unloaded after import = 3
========================================================================
Received Import Request.
  Time since last request: 0.000022 seconds.
  path: Assets/Sprites/Terrain/Tile pallet/Terrain/Terrain (16x16)_25.asset
  artifactKey: Guid(8dfe3dc0b8170d74f9bc56a4753ae47a) Importer(815301076,1909f56bfc062723c751e8b465ee728b)
Start importing Assets/Sprites/Terrain/Tile pallet/Terrain/Terrain (16x16)_25.asset using Guid(8dfe3dc0b8170d74f9bc56a4753ae47a) Importer(815301076,1909f56bfc062723c751e8b465ee728b)  -> (artifact id: '32b55e80b8874e841f9175b238018d60') in 0.008211 seconds
Number of updated asset objects reloaded before import = 0
Number of asset objects unloaded after import = 3
========================================================================
Received Import Request.
  Time since last request: 0.000013 seconds.
  path: Assets/Sprites/Terrain/Tile pallet/Terrain/Terrain (16x16)_20.asset
  artifactKey: Guid(53f5336bd83e9c1479d18d3092edcdc7) Importer(815301076,1909f56bfc062723c751e8b465ee728b)
Start importing Assets/Sprites/Terrain/Tile pallet/Terrain/Terrain (16x16)_20.asset using Guid(53f5336bd83e9c1479d18d3092edcdc7) Importer(815301076,1909f56bfc062723c751e8b465ee728b)  -> (artifact id: 'c096ceb167e60a98f3b76e36abe2f826') in 0.018215 seconds
Number of updated asset objects reloaded before import = 0
Number of asset objects unloaded after import = 3
========================================================================
Received Import Request.
  Time since last request: 0.000022 seconds.
  path: Assets/Sprites/Terrain/Tile pallet/Terrain/Terrain (16x16)_21.asset
  artifactKey: Guid(a83d58acf1a1a46499efbd82fc78d30a) Importer(815301076,1909f56bfc062723c751e8b465ee728b)
Start importing Assets/Sprites/Terrain/Tile pallet/Terrain/Terrain (16x16)_21.asset using Guid(a83d58acf1a1a46499efbd82fc78d30a) Importer(815301076,1909f56bfc062723c751e8b465ee728b)  -> (artifact id: '545133c95090268c80c550abe90c9537') in 0.015025 seconds
Number of updated asset objects reloaded before import = 0
Number of asset objects unloaded after import = 3
========================================================================
Received Import Request.
  Time since last request: 0.000020 seconds.
  path: Assets/Sprites/Terrain/Tile pallet/Terrain/Terrain (16x16)_5.asset
  artifactKey: Guid(300c9b977ddbc2e4a9f31a155fb007ab) Importer(815301076,1909f56bfc062723c751e8b465ee728b)
Start importing Assets/Sprites/Terrain/Tile pallet/Terrain/Terrain (16x16)_5.asset using Guid(300c9b977ddbc2e4a9f31a155fb007ab) Importer(815301076,1909f56bfc062723c751e8b465ee728b)  -> (artifact id: 'b6804b5d48d46147c568018b21209646') in 0.006467 seconds
Number of updated asset objects reloaded before import = 0
Number of asset objects unloaded after import = 3
========================================================================
Received Import Request.
  Time since last request: 0.000015 seconds.
  path: Assets/Sprites/Terrain/Tile pallet/Terrain/Terrain (16x16)_19.asset
  artifactKey: Guid(5c12b015075839c4982812becf90559c) Importer(815301076,1909f56bfc062723c751e8b465ee728b)
Start importing Assets/Sprites/Terrain/Tile pallet/Terrain/Terrain (16x16)_19.asset using Guid(5c12b015075839c4982812becf90559c) Importer(815301076,1909f56bfc062723c751e8b465ee728b)  -> (artifact id: '44b06d3de356beb7abf5cde5ef68b347') in 0.026048 seconds
Number of updated asset objects reloaded before import = 0
Number of asset objects unloaded after import = 3
========================================================================
Received Prepare
Begin MonoManager ReloadAssembly
- Loaded All Assemblies, in  0.361 seconds
Refreshing native plugins compatible for Editor in 1.61 ms, found 4 plugins.
Native extension for WindowsStandalone target not found
Native extension for WebGL target not found
[Package Manager] Server::EnsureServerProcessIsRunning -- launch failed, reason: Unity was launched with the -noUpm command-line argument
[Package Manager] UpmClient::Send -- Unable to send message (not connected to UPM process).
[Package Manager] Cannot connect to Unity Package Manager local server
Mono: successfully reloaded assembly
- Finished resetting the current domain, in  0.808 seconds
Domain Reload Profiling: 1169ms
	BeginReloadAssembly (141ms)
		ExecutionOrderSort (0ms)
		DisableScriptedObjects (10ms)
		BackupInstance (0ms)
		ReleaseScriptingObjects (0ms)
		CreateAndSetChildDomain (40ms)
	RebuildCommonClasses (23ms)
	RebuildNativeTypeToScriptingClass (8ms)
	initialDomainReloadingComplete (19ms)
	LoadAllAssembliesAndSetupDomain (169ms)
		LoadAssemblies (224ms)
		RebuildTransferFunctionScriptingTraits (0ms)
		AnalyzeDomain (11ms)
			TypeCache.Refresh (5ms)
				TypeCache.ScanAssembly (0ms)
			ScanForSourceGeneratedMonoScriptInfo (0ms)
			ResolveRequiredComponents (5ms)
	FinalizeReload (808ms)
		ReleaseScriptCaches (0ms)
		RebuildScriptCaches (0ms)
		SetupLoadedEditorAssemblies (497ms)
			LogAssemblyErrors (0ms)
			InitializePlatformSupportModulesInManaged (4ms)
			SetLoadedEditorAssemblies (4ms)
			RefreshPlugins (0ms)
			BeforeProcessingInitializeOnLoad (85ms)
			ProcessInitializeOnLoadAttributes (364ms)
			ProcessInitializeOnLoadMethodAttributes (38ms)
			AfterProcessingInitializeOnLoad (2ms)
			EditorAssembliesLoaded (0ms)
		ExecutionOrderSort2 (0ms)
		AwakeInstancesAfterBackupRestoration (12ms)
Refreshing native plugins compatible for Editor in 2.19 ms, found 4 plugins.
Preloading 0 native plugins for Editor in 0.00 ms.
Unloading 4191 Unused Serialized files (Serialized files now loaded: 0)
Unloading 42 unused Assets / (241.8 KB). Loaded Objects now: 4755.
Memory consumption went from 153.4 MB to 153.2 MB.
Total: 3.062300 ms (FindLiveObjects: 0.236000 ms CreateObjectMapping: 0.113500 ms MarkObjects: 2.503400 ms  DeleteObjects: 0.208500 ms)

Prepare: number of updated asset objects reloaded= 0
AssetImportParameters requested are different than current active one (requested -> active):
  custom:container-demuxer-ogg: 62fdf1f143b41e24485cea50d1cbac27 -> 
  custom:video-codec-MediaFoundation-h265: 746d11721c4dcdbdad8f713fa42b33f4 -> 
  custom:video-decoder-ogg-theora: a1e56fd34408186e4bbccfd4996cb3dc -> 
  custom:scripting/monoscript/fileName/Ground.cs: 7415901f32c2a0c2fffe55ebf317a3a1 -> 280fef7541238b592d97063dffe109df
  custom:framework-win-MediaFoundation: 216162199b28c13a410421893ffa2e32 -> 
  custom:scripting/monoscript/fileName/Move.cs: 7b43a81116163ddef85a558461501685 -> d6379711722d90072060b333fc0a5937
  custom:scripting/monoscript/fileName/PlayerController.cs: 5b090d859ab09be631dc3b0f203f9571 -> d93a52a180fbbe603a59e9aa6da73c83
  custom:CustomObjectIndexerAttribute: 43b350a4d6e6d1791af0b5038c4bea17 -> 
  custom:container-demuxer-webm: 4f35f7cbe854078d1ac9338744f61a02 -> 
  custom:container-muxer-webm: aa71ff27fc2769a1b78a27578f13a17b -> 
  custom:video-decoder-webm-vp8: 9c59270c3fd7afecdb556c50c9e8de78 -> 
  custom:SearchIndexIgnoredProperties: e643bd26f0fe6173181afceb89e7c659 -> 
  custom:AudioImporter_EditorPlatform: d09bf68614088b80899f8185d706f6e7 -> 
  custom:scripting/monoscript/fileName/Controller.cs: 83623ba3567b8f11fb361ef55cb909aa -> 9ac834cf3508dd1b6236017959eb9876
  custom:scripting/monoscript/fileName/PlayerAnimation.cs: 42d14fb16eb20114832bd96db7f3b4ee -> 133362f4569ff299a4fb9418ed7b7293
  custom:video-encoder-webm-vp8: eb34c28f22e8b96e1ab97ce403110664 -> 
  custom:audio-decoder-ogg-vorbis: bf7c407c2cedff20999df2af8eb42d56 -> 
  custom:scripting/monoscript/fileName/InputController.cs: b0f2e83118997bd54cd1245c5af56013 -> bd133c2f87121a2c634bd0c4831cedbf
  custom:audio-encoder-webm-vorbis: bf7c407c2cedff20999df2af8eb42d56 -> 
  custom:scripting/monoscript/fileName/Jump.cs: 78a95732ad5860df095c56964c6c81f3 -> fc6b42c7642d8bfd7aadf4edc6b67f71
========================================================================
Received Prepare
Begin MonoManager ReloadAssembly
- Loaded All Assemblies, in  0.348 seconds
Refreshing native plugins compatible for Editor in 1.69 ms, found 4 plugins.
Native extension for WindowsStandalone target not found
Native extension for WebGL target not found
[Package Manager] Server::EnsureServerProcessIsRunning -- launch failed, reason: Unity was launched with the -noUpm command-line argument
[Package Manager] UpmClient::Send -- Unable to send message (not connected to UPM process).
[Package Manager] Cannot connect to Unity Package Manager local server
Mono: successfully reloaded assembly
- Finished resetting the current domain, in  0.856 seconds
Domain Reload Profiling: 1204ms
	BeginReloadAssembly (132ms)
		ExecutionOrderSort (0ms)
		DisableScriptedObjects (9ms)
		BackupInstance (0ms)
		ReleaseScriptingObjects (0ms)
		CreateAndSetChildDomain (35ms)
	RebuildCommonClasses (23ms)
	RebuildNativeTypeToScriptingClass (8ms)
	initialDomainReloadingComplete (18ms)
	LoadAllAssembliesAndSetupDomain (166ms)
		LoadAssemblies (219ms)
		RebuildTransferFunctionScriptingTraits (0ms)
		AnalyzeDomain (11ms)
			TypeCache.Refresh (5ms)
				TypeCache.ScanAssembly (0ms)
			ScanForSourceGeneratedMonoScriptInfo (0ms)
			ResolveRequiredComponents (4ms)
	FinalizeReload (857ms)
		ReleaseScriptCaches (0ms)
		RebuildScriptCaches (0ms)
		SetupLoadedEditorAssemblies (520ms)
			LogAssemblyErrors (0ms)
			InitializePlatformSupportModulesInManaged (5ms)
			SetLoadedEditorAssemblies (4ms)
			RefreshPlugins (0ms)
			BeforeProcessingInitializeOnLoad (91ms)
			ProcessInitializeOnLoadAttributes (383ms)
			ProcessInitializeOnLoadMethodAttributes (36ms)
			AfterProcessingInitializeOnLoad (2ms)
			EditorAssembliesLoaded (0ms)
		ExecutionOrderSort2 (0ms)
		AwakeInstancesAfterBackupRestoration (13ms)
Refreshing native plugins compatible for Editor in 2.21 ms, found 4 plugins.
Preloading 0 native plugins for Editor in 0.00 ms.
Unloading 4192 Unused Serialized files (Serialized files now loaded: 0)
Unloading 42 unused Assets / (241.9 KB). Loaded Objects now: 4771.
Memory consumption went from 155.6 MB to 155.4 MB.
Total: 3.107200 ms (FindLiveObjects: 0.291800 ms CreateObjectMapping: 0.148800 ms MarkObjects: 2.473800 ms  DeleteObjects: 0.191200 ms)

Prepare: number of updated asset objects reloaded= 0
AssetImportParameters requested are different than current active one (requested -> active):
  custom:container-demuxer-ogg: 62fdf1f143b41e24485cea50d1cbac27 -> 
  custom:video-codec-MediaFoundation-h265: 746d11721c4dcdbdad8f713fa42b33f4 -> 
  custom:video-decoder-ogg-theora: a1e56fd34408186e4bbccfd4996cb3dc -> 
  custom:scripting/monoscript/fileName/Ground.cs: 7415901f32c2a0c2fffe55ebf317a3a1 -> 280fef7541238b592d97063dffe109df
  custom:framework-win-MediaFoundation: 216162199b28c13a410421893ffa2e32 -> 
  custom:scripting/monoscript/fileName/Move.cs: 7b43a81116163ddef85a558461501685 -> d6379711722d90072060b333fc0a5937
  custom:scripting/monoscript/fileName/PlayerController.cs: 5b090d859ab09be631dc3b0f203f9571 -> d93a52a180fbbe603a59e9aa6da73c83
  custom:CustomObjectIndexerAttribute: 43b350a4d6e6d1791af0b5038c4bea17 -> 
  custom:container-demuxer-webm: 4f35f7cbe854078d1ac9338744f61a02 -> 
  custom:container-muxer-webm: aa71ff27fc2769a1b78a27578f13a17b -> 
  custom:video-decoder-webm-vp8: 9c59270c3fd7afecdb556c50c9e8de78 -> 
  custom:SearchIndexIgnoredProperties: e643bd26f0fe6173181afceb89e7c659 -> 
  custom:AudioImporter_EditorPlatform: d09bf68614088b80899f8185d706f6e7 -> 
  custom:scripting/monoscript/fileName/Controller.cs: 83623ba3567b8f11fb361ef55cb909aa -> 9ac834cf3508dd1b6236017959eb9876
  custom:scripting/monoscript/fileName/PlayerAnimation.cs: 42d14fb16eb20114832bd96db7f3b4ee -> 133362f4569ff299a4fb9418ed7b7293
  custom:video-encoder-webm-vp8: eb34c28f22e8b96e1ab97ce403110664 -> 
  custom:audio-decoder-ogg-vorbis: bf7c407c2cedff20999df2af8eb42d56 -> 
  custom:scripting/monoscript/fileName/InputController.cs: b0f2e83118997bd54cd1245c5af56013 -> bd133c2f87121a2c634bd0c4831cedbf
  custom:audio-encoder-webm-vorbis: bf7c407c2cedff20999df2af8eb42d56 -> 
  custom:scripting/monoscript/fileName/Jump.cs: 78a95732ad5860df095c56964c6c81f3 -> fc6b42c7642d8bfd7aadf4edc6b67f71
========================================================================
Received Prepare
Begin MonoManager ReloadAssembly
- Loaded All Assemblies, in  0.340 seconds
Refreshing native plugins compatible for Editor in 1.77 ms, found 4 plugins.
Native extension for WindowsStandalone target not found
Native extension for WebGL target not found
[Package Manager] Server::EnsureServerProcessIsRunning -- launch failed, reason: Unity was launched with the -noUpm command-line argument
[Package Manager] UpmClient::Send -- Unable to send message (not connected to UPM process).
[Package Manager] Cannot connect to Unity Package Manager local server
Mono: successfully reloaded assembly
- Finished resetting the current domain, in  0.812 seconds
Domain Reload Profiling: 1152ms
	BeginReloadAssembly (123ms)
		ExecutionOrderSort (0ms)
		DisableScriptedObjects (9ms)
		BackupInstance (0ms)
		ReleaseScriptingObjects (0ms)
		CreateAndSetChildDomain (30ms)
	RebuildCommonClasses (23ms)
	RebuildNativeTypeToScriptingClass (8ms)
	initialDomainReloadingComplete (17ms)
	LoadAllAssembliesAndSetupDomain (169ms)
		LoadAssemblies (218ms)
		RebuildTransferFunctionScriptingTraits (0ms)
		AnalyzeDomain (11ms)
			TypeCache.Refresh (5ms)
				TypeCache.ScanAssembly (0ms)
			ScanForSourceGeneratedMonoScriptInfo (0ms)
			ResolveRequiredComponents (4ms)
	FinalizeReload (813ms)
		ReleaseScriptCaches (0ms)
		RebuildScriptCaches (0ms)
		SetupLoadedEditorAssemblies (487ms)
			LogAssemblyErrors (0ms)
			InitializePlatformSupportModulesInManaged (4ms)
			SetLoadedEditorAssemblies (4ms)
			RefreshPlugins (0ms)
			BeforeProcessingInitializeOnLoad (81ms)
			ProcessInitializeOnLoadAttributes (359ms)
			ProcessInitializeOnLoadMethodAttributes (37ms)
			AfterProcessingInitializeOnLoad (1ms)
			EditorAssembliesLoaded (0ms)
		ExecutionOrderSort2 (0ms)
		AwakeInstancesAfterBackupRestoration (13ms)
Refreshing native plugins compatible for Editor in 2.38 ms, found 4 plugins.
Preloading 0 native plugins for Editor in 0.00 ms.
Unloading 4192 Unused Serialized files (Serialized files now loaded: 0)
Unloading 42 unused Assets / (242.0 KB). Loaded Objects now: 4787.
Memory consumption went from 157.5 MB to 157.3 MB.
Total: 3.726600 ms (FindLiveObjects: 0.306400 ms CreateObjectMapping: 0.218300 ms MarkObjects: 3.006800 ms  DeleteObjects: 0.193300 ms)

Prepare: number of updated asset objects reloaded= 0
AssetImportParameters requested are different than current active one (requested -> active):
  custom:container-demuxer-ogg: 62fdf1f143b41e24485cea50d1cbac27 -> 
  custom:video-codec-MediaFoundation-h265: 746d11721c4dcdbdad8f713fa42b33f4 -> 
  custom:video-decoder-ogg-theora: a1e56fd34408186e4bbccfd4996cb3dc -> 
  custom:scripting/monoscript/fileName/Ground.cs: 7415901f32c2a0c2fffe55ebf317a3a1 -> 280fef7541238b592d97063dffe109df
  custom:framework-win-MediaFoundation: 216162199b28c13a410421893ffa2e32 -> 
  custom:scripting/monoscript/fileName/Move.cs: 7b43a81116163ddef85a558461501685 -> d6379711722d90072060b333fc0a5937
  custom:scripting/monoscript/fileName/PlayerController.cs: 5b090d859ab09be631dc3b0f203f9571 -> d93a52a180fbbe603a59e9aa6da73c83
  custom:CustomObjectIndexerAttribute: 43b350a4d6e6d1791af0b5038c4bea17 -> 
  custom:container-demuxer-webm: 4f35f7cbe854078d1ac9338744f61a02 -> 
  custom:container-muxer-webm: aa71ff27fc2769a1b78a27578f13a17b -> 
  custom:video-decoder-webm-vp8: 9c59270c3fd7afecdb556c50c9e8de78 -> 
  custom:SearchIndexIgnoredProperties: e643bd26f0fe6173181afceb89e7c659 -> 
  custom:AudioImporter_EditorPlatform: d09bf68614088b80899f8185d706f6e7 -> 
  custom:scripting/monoscript/fileName/Controller.cs: 83623ba3567b8f11fb361ef55cb909aa -> 9ac834cf3508dd1b6236017959eb9876
  custom:scripting/monoscript/fileName/PlayerAnimation.cs: 42d14fb16eb20114832bd96db7f3b4ee -> 133362f4569ff299a4fb9418ed7b7293
  custom:video-encoder-webm-vp8: eb34c28f22e8b96e1ab97ce403110664 -> 
  custom:audio-decoder-ogg-vorbis: bf7c407c2cedff20999df2af8eb42d56 -> 
  custom:scripting/monoscript/fileName/InputController.cs: b0f2e83118997bd54cd1245c5af56013 -> bd133c2f87121a2c634bd0c4831cedbf
  custom:audio-encoder-webm-vorbis: bf7c407c2cedff20999df2af8eb42d56 -> 
  custom:scripting/monoscript/fileName/Jump.cs: 78a95732ad5860df095c56964c6c81f3 -> fc6b42c7642d8bfd7aadf4edc6b67f71
========================================================================
Received Prepare
Begin MonoManager ReloadAssembly
- Loaded All Assemblies, in  5.677 seconds
Refreshing native plugins compatible for Editor in 2.11 ms, found 4 plugins.
Native extension for WindowsStandalone target not found
Native extension for WebGL target not found
[Package Manager] Server::EnsureServerProcessIsRunning -- launch failed, reason: Unity was launched with the -noUpm command-line argument
[Package Manager] UpmClient::Send -- Unable to send message (not connected to UPM process).
[Package Manager] Cannot connect to Unity Package Manager local server
Mono: successfully reloaded assembly
- Finished resetting the current domain, in 27.485 seconds
Domain Reload Profiling: 33164ms
	BeginReloadAssembly (431ms)
		ExecutionOrderSort (0ms)
		DisableScriptedObjects (42ms)
		BackupInstance (0ms)
		ReleaseScriptingObjects (0ms)
		CreateAndSetChildDomain (192ms)
	RebuildCommonClasses (252ms)
	RebuildNativeTypeToScriptingClass (10ms)
	initialDomainReloadingComplete (34ms)
	LoadAllAssembliesAndSetupDomain (4951ms)
		LoadAssemblies (5076ms)
		RebuildTransferFunctionScriptingTraits (0ms)
		AnalyzeDomain (22ms)
			TypeCache.Refresh (14ms)
				TypeCache.ScanAssembly (0ms)
			ScanForSourceGeneratedMonoScriptInfo (0ms)
			ResolveRequiredComponents (7ms)
	FinalizeReload (27486ms)
		ReleaseScriptCaches (0ms)
		RebuildScriptCaches (0ms)
		SetupLoadedEditorAssemblies (522ms)
			LogAssemblyErrors (0ms)
			InitializePlatformSupportModulesInManaged (7ms)
			SetLoadedEditorAssemblies (6ms)
			RefreshPlugins (0ms)
			BeforeProcessingInitializeOnLoad (100ms)
			ProcessInitializeOnLoadAttributes (365ms)
			ProcessInitializeOnLoadMethodAttributes (41ms)
			AfterProcessingInitializeOnLoad (1ms)
			EditorAssembliesLoaded (0ms)
		ExecutionOrderSort2 (0ms)
		AwakeInstancesAfterBackupRestoration (11ms)
Refreshing native plugins compatible for Editor in 6.36 ms, found 4 plugins.
Preloading 0 native plugins for Editor in 0.00 ms.
Unloading 4192 Unused Serialized files (Serialized files now loaded: 0)
Unloading 42 unused Assets / (242.9 KB). Loaded Objects now: 4803.
Memory consumption went from 159.5 MB to 159.2 MB.
Total: 9.715400 ms (FindLiveObjects: 0.407300 ms CreateObjectMapping: 0.146500 ms MarkObjects: 8.735000 ms  DeleteObjects: 0.424500 ms)

Prepare: number of updated asset objects reloaded= 0
AssetImportParameters requested are different than current active one (requested -> active):
  custom:container-demuxer-ogg: 62fdf1f143b41e24485cea50d1cbac27 -> 
  custom:video-codec-MediaFoundation-h265: 746d11721c4dcdbdad8f713fa42b33f4 -> 
  custom:video-decoder-ogg-theora: a1e56fd34408186e4bbccfd4996cb3dc -> 
  custom:scripting/monoscript/fileName/Ground.cs: 7415901f32c2a0c2fffe55ebf317a3a1 -> 280fef7541238b592d97063dffe109df
  custom:framework-win-MediaFoundation: 216162199b28c13a410421893ffa2e32 -> 
  custom:scripting/monoscript/fileName/Move.cs: 7b43a81116163ddef85a558461501685 -> d6379711722d90072060b333fc0a5937
  custom:scripting/monoscript/fileName/PlayerController.cs: 5b090d859ab09be631dc3b0f203f9571 -> d93a52a180fbbe603a59e9aa6da73c83
  custom:CustomObjectIndexerAttribute: 43b350a4d6e6d1791af0b5038c4bea17 -> 
  custom:container-demuxer-webm: 4f35f7cbe854078d1ac9338744f61a02 -> 
  custom:container-muxer-webm: aa71ff27fc2769a1b78a27578f13a17b -> 
  custom:video-decoder-webm-vp8: 9c59270c3fd7afecdb556c50c9e8de78 -> 
  custom:SearchIndexIgnoredProperties: e643bd26f0fe6173181afceb89e7c659 -> 
  custom:AudioImporter_EditorPlatform: d09bf68614088b80899f8185d706f6e7 -> 
  custom:scripting/monoscript/fileName/Controller.cs: 83623ba3567b8f11fb361ef55cb909aa -> 9ac834cf3508dd1b6236017959eb9876
  custom:scripting/monoscript/fileName/PlayerAnimation.cs: 42d14fb16eb20114832bd96db7f3b4ee -> 133362f4569ff299a4fb9418ed7b7293
  custom:video-encoder-webm-vp8: eb34c28f22e8b96e1ab97ce403110664 -> 
  custom:audio-decoder-ogg-vorbis: bf7c407c2cedff20999df2af8eb42d56 -> 
  custom:scripting/monoscript/fileName/InputController.cs: b0f2e83118997bd54cd1245c5af56013 -> bd133c2f87121a2c634bd0c4831cedbf
  custom:audio-encoder-webm-vorbis: bf7c407c2cedff20999df2af8eb42d56 -> 
  custom:scripting/monoscript/fileName/Jump.cs: 78a95732ad5860df095c56964c6c81f3 -> fc6b42c7642d8bfd7aadf4edc6b67f71
